#
# There is insufficient memory for the Java Runtime Environment to continue.
# Native memory allocation (malloc) failed to allocate 32744 bytes for Chunk::new
# Possible reasons:
#   The system is out of physical RAM or swap space
#   The process is running with CompressedOops enabled, and the Java Heap may be blocking the growth of the native heap
# Possible solutions:
#   Reduce memory load on the system
#   Increase physical memory or swap space
#   Check if swap backing store is full
#   Decrease Java heap size (-Xmx/-Xms)
#   Decrease number of Java threads
#   Decrease Java thread stack sizes (-Xss)
#   Set larger code cache with -XX:ReservedCodeCacheSize=
#   JVM is running with Unscaled Compressed Oops mode in which the Java heap is
#     placed in the first 4GB address space. The Java Heap base address is the
#     maximum limit for the native heap growth. Please use -XX:HeapBaseMinAddress
#     to set the Java Heap base and to place the Java Heap above 4GB virtual address.
# This output file may be truncated or incomplete.
#
#  Out of Memory Error (arena.cpp:168), pid=10484, tid=11492
#
# JRE version: Java(TM) SE Runtime Environment (21.0.6+8) (build 21.0.6+8-LTS-188)
# Java VM: Java HotSpot(TM) 64-Bit Server VM (21.0.6+8-LTS-188, mixed mode, sharing, tiered, compressed oops, compressed class ptrs, g1 gc, windows-amd64)
# No core dump will be written. Minidumps are not enabled by default on client versions of Windows
#

---------------  S U M M A R Y ------------

Command Line: C:\Program Files\KMSpico\temp\surefire7020660530239237421\surefirebooter-20250923123709586_3.jar C:\Program Files\KMSpico\temp\surefire7020660530239237421 2025-09-23T12-37-08_574-jvmRun1 surefire-20250923123709586_1tmp surefire_0-20250923123709586_2tmp

Host: Intel(R) Core(TM) i5-8365U CPU @ 1.60GHz, 8 cores, 7G,  Windows 11 , 64 bit Build 26100 (10.0.26100.5074)
Time: Tue Sep 23 12:37:43 2025 India Standard Time elapsed time: 32.784774 seconds (0d 0h 0m 32s)

---------------  T H R E A D  ---------------

Current thread (0x0000018a38e56e50):  JavaThread "C2 CompilerThread1" daemon [_thread_in_native, id=11492, stack(0x0000005890200000,0x0000005890300000) (1024K)]


Current CompileTask:
C2:  32784 4957   !   4       java.util.zip.ZipFile$CleanableResource::releaseInflater (53 bytes)

Stack: [0x0000005890200000,0x0000005890300000]
Native frames: (J=compiled Java code, j=interpreted, Vv=VM code, C=native code)
V  [jvm.dll+0x6ca6d9]
V  [jvm.dll+0x854f51]
V  [jvm.dll+0x85747e]
V  [jvm.dll+0x857b53]
V  [jvm.dll+0x27dcc6]
V  [jvm.dll+0xc4c2d]
V  [jvm.dll+0xc5163]
V  [jvm.dll+0x3ba80d]
V  [jvm.dll+0x3ba031]
V  [jvm.dll+0x3ba074]
V  [jvm.dll+0x3b4537]
V  [jvm.dll+0x1df668]
V  [jvm.dll+0x246a72]
V  [jvm.dll+0x245eff]
V  [jvm.dll+0x1c6d2e]
V  [jvm.dll+0x2554f9]
V  [jvm.dll+0x253a8a]
V  [jvm.dll+0x3ee576]
V  [jvm.dll+0x7ff2fb]
V  [jvm.dll+0x6c8dbd]
C  [ucrtbase.dll+0x37b0]
C  [KERNEL32.DLL+0x2e8d7]
C  [ntdll.dll+0x8d9c]


---------------  P R O C E S S  ---------------

Threads class SMR info:
_java_thread_list=0x0000018a00cd50e0, length=17, elements={
0x0000018a19480440, 0x0000018a381b2470, 0x0000018a381b3ce0, 0x0000018a381b9aa0,
0x0000018a381bc640, 0x0000018a381be720, 0x0000018a381c0ea0, 0x0000018a381c3a70,
0x0000018a381cc510, 0x0000018a3844bef0, 0x0000018a384756d0, 0x0000018a3855bd70,
0x0000018a388bb730, 0x0000018a017ecfc0, 0x0000018a7ea28580, 0x0000018a02f16930,
0x0000018a38e56e50
}

Java Threads: ( => current thread )
  0x0000018a19480440 JavaThread "main"                              [_thread_in_vm, id=10372, stack(0x000000588e200000,0x000000588e300000) (1024K)]
  0x0000018a381b2470 JavaThread "Reference Handler"          daemon [_thread_blocked, id=1172, stack(0x000000588ea00000,0x000000588eb00000) (1024K)]
  0x0000018a381b3ce0 JavaThread "Finalizer"                  daemon [_thread_blocked, id=1980, stack(0x000000588eb00000,0x000000588ec00000) (1024K)]
  0x0000018a381b9aa0 JavaThread "Signal Dispatcher"          daemon [_thread_blocked, id=5904, stack(0x000000588ec00000,0x000000588ed00000) (1024K)]
  0x0000018a381bc640 JavaThread "Attach Listener"            daemon [_thread_blocked, id=14160, stack(0x000000588ed00000,0x000000588ee00000) (1024K)]
  0x0000018a381be720 JavaThread "Service Thread"             daemon [_thread_blocked, id=15348, stack(0x000000588ee00000,0x000000588ef00000) (1024K)]
  0x0000018a381c0ea0 JavaThread "Monitor Deflation Thread"   daemon [_thread_blocked, id=3316, stack(0x000000588ef00000,0x000000588f000000) (1024K)]
  0x0000018a381c3a70 JavaThread "C2 CompilerThread0"         daemon [_thread_in_native, id=12028, stack(0x000000588f000000,0x000000588f100000) (1024K)]
  0x0000018a381cc510 JavaThread "C1 CompilerThread0"         daemon [_thread_in_vm, id=11144, stack(0x000000588f100000,0x000000588f200000) (1024K)]
  0x0000018a3844bef0 JavaThread "Notification Thread"        daemon [_thread_blocked, id=4980, stack(0x000000588f200000,0x000000588f300000) (1024K)]
  0x0000018a384756d0 JavaThread "Common-Cleaner"             daemon [_thread_blocked, id=5924, stack(0x000000588f300000,0x000000588f400000) (1024K)]
  0x0000018a3855bd70 JavaThread "surefire-forkedjvm-stream-flusher" daemon [_thread_blocked, id=11552, stack(0x000000588f400000,0x000000588f500000) (1024K)]
  0x0000018a388bb730 JavaThread "surefire-forkedjvm-command-thread" daemon [_thread_in_native, id=4756, stack(0x000000588f500000,0x000000588f600000) (1024K)]
  0x0000018a017ecfc0 JavaThread "mysql-cj-abandoned-connection-cleanup" daemon [_thread_blocked, id=11376, stack(0x0000005890000000,0x0000005890100000) (1024K)]
  0x0000018a7ea28580 JavaThread "HikariPool-1:housekeeper"   daemon [_thread_blocked, id=9088, stack(0x000000588ff00000,0x0000005890000000) (1024K)]
  0x0000018a02f16930 JavaThread "HikariPool-1:connection-adder" daemon [_thread_blocked, id=16876, stack(0x0000005890100000,0x0000005890200000) (1024K)]
=>0x0000018a38e56e50 JavaThread "C2 CompilerThread1"         daemon [_thread_in_native, id=11492, stack(0x0000005890200000,0x0000005890300000) (1024K)]
Total: 17

Other Threads:
  0x0000018a38195390 VMThread "VM Thread"                           [id=1416, stack(0x000000588e900000,0x000000588ea00000) (1024K)]
  0x0000018a3817ffd0 WatcherThread "VM Periodic Task Thread"        [id=1932, stack(0x000000588e800000,0x000000588e900000) (1024K)]
  0x0000018a1b8fb950 WorkerThread "GC Thread#0"                     [id=8892, stack(0x000000588e300000,0x000000588e400000) (1024K)]
  0x0000018a38e95bc0 WorkerThread "GC Thread#1"                     [id=2284, stack(0x000000588f600000,0x000000588f700000) (1024K)]
  0x0000018a38e95f60 WorkerThread "GC Thread#2"                     [id=16304, stack(0x000000588f700000,0x000000588f800000) (1024K)]
  0x0000018a7e238180 WorkerThread "GC Thread#3"                     [id=2580, stack(0x000000588f800000,0x000000588f900000) (1024K)]
  0x0000018a7e239140 WorkerThread "GC Thread#4"                     [id=4012, stack(0x000000588f900000,0x000000588fa00000) (1024K)]
  0x0000018a7e2394e0 WorkerThread "GC Thread#5"                     [id=16348, stack(0x000000588fa00000,0x000000588fb00000) (1024K)]
  0x0000018a7e1ac8f0 WorkerThread "GC Thread#6"                     [id=3432, stack(0x000000588fb00000,0x000000588fc00000) (1024K)]
  0x0000018a7e1aeeb0 WorkerThread "GC Thread#7"                     [id=3816, stack(0x000000588fc00000,0x000000588fd00000) (1024K)]
  0x0000018a1b90c3b0 ConcurrentGCThread "G1 Main Marker"            [id=16420, stack(0x000000588e400000,0x000000588e500000) (1024K)]
  0x0000018a1b90dd30 WorkerThread "G1 Conc#0"                       [id=11052, stack(0x000000588e500000,0x000000588e600000) (1024K)]
  0x0000018a7e3d4a00 WorkerThread "G1 Conc#1"                       [id=10492, stack(0x000000588fe00000,0x000000588ff00000) (1024K)]
  0x0000018a3804c530 ConcurrentGCThread "G1 Refine#0"               [id=13416, stack(0x000000588e600000,0x000000588e700000) (1024K)]
  0x0000018a3804f0b0 ConcurrentGCThread "G1 Service"                [id=17176, stack(0x000000588e700000,0x000000588e800000) (1024K)]
Total: 15

Threads with active compile tasks:
C2 CompilerThread0    33063 4921   !   4       jdk.internal.loader.BuiltinClassLoader::findClassOnClassPathOrNull (64 bytes)
C1 CompilerThread0    33063 4996   !   3       net.bytebuddy.description.annotation.AnnotationDescription$ForLoadedAnnotation::getValue (381 bytes)
C2 CompilerThread1    33064 4957   !   4       java.util.zip.ZipFile$CleanableResource::releaseInflater (53 bytes)
Total: 3

VM state: not at safepoint (normal execution)

VM Mutex/Monitor currently owned by a thread: None

Heap address: 0x0000000083000000, size: 2000 MB, Compressed Oops mode: 32-bit

CDS archive(s) mapped at: [0x0000018a39000000-0x0000018a39c90000-0x0000018a39c90000), size 13172736, SharedBaseAddress: 0x0000018a39000000, ArchiveRelocationMode: 1.
Compressed class space mapped at: 0x0000018a3a000000-0x0000018a7a000000, reserved size: 1073741824
Narrow klass base: 0x0000018a39000000, Narrow klass shift: 0, Narrow klass range: 0x100000000

GC Precious Log:
 CardTable entry size: 512
 Card Set container configuration: InlinePtr #cards 5 size 8 Array Of Cards #cards 12 size 40 Howl #buckets 4 coarsen threshold 1843 Howl Bitmap #cards 512 size 80 coarsen threshold 460 Card regions per heap region 1 cards per card region 2048
 CPUs: 8 total, 8 available
 Memory: 7998M
 Large Page Support: Disabled
 NUMA Support: Disabled
 Compressed Oops: Enabled (32-bit)
 Heap Region Size: 1M
 Heap Min Capacity: 8M
 Heap Initial Capacity: 126M
 Heap Max Capacity: 2000M
 Pre-touch: Disabled
 Parallel Workers: 8
 Concurrent Workers: 2
 Concurrent Refinement Workers: 8
 Periodic GC: Disabled

Heap:
 garbage-first heap   total 55296K, used 36048K [0x0000000083000000, 0x0000000100000000)
  region size 1024K, 17 young (17408K), 4 survivors (4096K)
 Metaspace       used 48971K, committed 49536K, reserved 1114112K
  class space    used 6389K, committed 6656K, reserved 1048576K

Heap Regions: E=young(eden), S=young(survivor), O=old, HS=humongous(starts), HC=humongous(continues), CS=collection set, F=free, TAMS=top-at-mark-start, PB=parsable bottom
|   0|0x0000000083000000, 0x0000000083100000, 0x0000000083100000|100%|HS|  |TAMS 0x0000000083000000| PB 0x0000000083000000| Complete 
|   1|0x0000000083100000, 0x0000000083200000, 0x0000000083200000|100%|HS|  |TAMS 0x0000000083100000| PB 0x0000000083100000| Complete 
|   2|0x0000000083200000, 0x0000000083300000, 0x0000000083300000|100%| O|  |TAMS 0x0000000083200000| PB 0x0000000083200000| Untracked 
|   3|0x0000000083300000, 0x0000000083400000, 0x0000000083400000|100%| O|  |TAMS 0x0000000083300000| PB 0x0000000083300000| Untracked 
|   4|0x0000000083400000, 0x0000000083500000, 0x0000000083500000|100%| O|  |TAMS 0x0000000083400000| PB 0x0000000083400000| Untracked 
|   5|0x0000000083500000, 0x0000000083600000, 0x0000000083600000|100%| O|  |TAMS 0x0000000083500000| PB 0x0000000083500000| Untracked 
|   6|0x0000000083600000, 0x0000000083700000, 0x0000000083700000|100%| O|  |TAMS 0x0000000083600000| PB 0x0000000083600000| Untracked 
|   7|0x0000000083700000, 0x0000000083800000, 0x0000000083800000|100%| O|  |TAMS 0x0000000083700000| PB 0x0000000083700000| Untracked 
|   8|0x0000000083800000, 0x0000000083900000, 0x0000000083900000|100%| O|  |TAMS 0x0000000083800000| PB 0x0000000083800000| Untracked 
|   9|0x0000000083900000, 0x0000000083a00000, 0x0000000083a00000|100%| O|  |TAMS 0x0000000083900000| PB 0x0000000083900000| Untracked 
|  10|0x0000000083a00000, 0x0000000083b00000, 0x0000000083b00000|100%| O|  |TAMS 0x0000000083a00000| PB 0x0000000083a00000| Untracked 
|  11|0x0000000083b00000, 0x0000000083c00000, 0x0000000083c00000|100%| O|  |TAMS 0x0000000083b00000| PB 0x0000000083b00000| Untracked 
|  12|0x0000000083c00000, 0x0000000083d00000, 0x0000000083d00000|100%| O|  |TAMS 0x0000000083c00000| PB 0x0000000083c00000| Untracked 
|  13|0x0000000083d00000, 0x0000000083e00000, 0x0000000083e00000|100%| O|  |TAMS 0x0000000083d00000| PB 0x0000000083d00000| Untracked 
|  14|0x0000000083e00000, 0x0000000083f00000, 0x0000000083f00000|100%| O|  |TAMS 0x0000000083e00000| PB 0x0000000083e00000| Untracked 
|  15|0x0000000083f00000, 0x0000000084000000, 0x0000000084000000|100%| O|  |TAMS 0x0000000083f00000| PB 0x0000000083f00000| Untracked 
|  16|0x0000000084000000, 0x0000000084100000, 0x0000000084100000|100%| O|Cm|TAMS 0x0000000084000000| PB 0x0000000084000000| Complete 
|  17|0x0000000084100000, 0x0000000084200000, 0x0000000084200000|100%| O|  |TAMS 0x0000000084100000| PB 0x0000000084100000| Untracked 
|  18|0x0000000084200000, 0x0000000084300000, 0x0000000084300000|100%| O|  |TAMS 0x0000000084200000| PB 0x0000000084200000| Untracked 
|  19|0x0000000084300000, 0x0000000084400000, 0x0000000084400000|100%| O|  |TAMS 0x0000000084300000| PB 0x0000000084300000| Untracked 
|  20|0x0000000084400000, 0x0000000084400000, 0x0000000084500000|  0%| F|  |TAMS 0x0000000084400000| PB 0x0000000084400000| Untracked 
|  21|0x0000000084500000, 0x0000000084500000, 0x0000000084600000|  0%| F|  |TAMS 0x0000000084500000| PB 0x0000000084500000| Untracked 
|  22|0x0000000084600000, 0x0000000084600000, 0x0000000084700000|  0%| F|  |TAMS 0x0000000084600000| PB 0x0000000084600000| Untracked 
|  23|0x0000000084700000, 0x0000000084700000, 0x0000000084800000|  0%| F|  |TAMS 0x0000000084700000| PB 0x0000000084700000| Untracked 
|  24|0x0000000084800000, 0x00000000848340a0, 0x0000000084900000| 20%| S|CS|TAMS 0x0000000084800000| PB 0x0000000084800000| Complete 
|  25|0x0000000084900000, 0x0000000084a00000, 0x0000000084a00000|100%| S|CS|TAMS 0x0000000084900000| PB 0x0000000084900000| Complete 
|  26|0x0000000084a00000, 0x0000000084b00000, 0x0000000084b00000|100%| S|CS|TAMS 0x0000000084a00000| PB 0x0000000084a00000| Complete 
|  27|0x0000000084b00000, 0x0000000084c00000, 0x0000000084c00000|100%| S|CS|TAMS 0x0000000084b00000| PB 0x0000000084b00000| Complete 
|  28|0x0000000084c00000, 0x0000000084c00000, 0x0000000084d00000|  0%| F|  |TAMS 0x0000000084c00000| PB 0x0000000084c00000| Untracked 
|  29|0x0000000084d00000, 0x0000000084d00000, 0x0000000084e00000|  0%| F|  |TAMS 0x0000000084d00000| PB 0x0000000084d00000| Untracked 
|  30|0x0000000084e00000, 0x0000000084e00000, 0x0000000084f00000|  0%| F|  |TAMS 0x0000000084e00000| PB 0x0000000084e00000| Untracked 
|  31|0x0000000084f00000, 0x0000000084f00000, 0x0000000085000000|  0%| F|  |TAMS 0x0000000084f00000| PB 0x0000000084f00000| Untracked 
|  32|0x0000000085000000, 0x0000000085000000, 0x0000000085100000|  0%| F|  |TAMS 0x0000000085000000| PB 0x0000000085000000| Untracked 
|  33|0x0000000085100000, 0x0000000085100000, 0x0000000085200000|  0%| F|  |TAMS 0x0000000085100000| PB 0x0000000085100000| Untracked 
|  34|0x0000000085200000, 0x0000000085200000, 0x0000000085300000|  0%| F|  |TAMS 0x0000000085200000| PB 0x0000000085200000| Untracked 
|  35|0x0000000085300000, 0x0000000085300000, 0x0000000085400000|  0%| F|  |TAMS 0x0000000085300000| PB 0x0000000085300000| Untracked 
|  36|0x0000000085400000, 0x0000000085400000, 0x0000000085500000|  0%| F|  |TAMS 0x0000000085400000| PB 0x0000000085400000| Untracked 
|  37|0x0000000085500000, 0x0000000085500000, 0x0000000085600000|  0%| F|  |TAMS 0x0000000085500000| PB 0x0000000085500000| Untracked 
|  38|0x0000000085600000, 0x0000000085600000, 0x0000000085700000|  0%| F|  |TAMS 0x0000000085600000| PB 0x0000000085600000| Untracked 
|  39|0x0000000085700000, 0x0000000085700000, 0x0000000085800000|  0%| F|  |TAMS 0x0000000085700000| PB 0x0000000085700000| Untracked 
|  40|0x0000000085800000, 0x0000000085800000, 0x0000000085900000|  0%| F|  |TAMS 0x0000000085800000| PB 0x0000000085800000| Untracked 
|  41|0x0000000085900000, 0x00000000859b99d8, 0x0000000085a00000| 72%| E|  |TAMS 0x0000000085900000| PB 0x0000000085900000| Complete 
|  42|0x0000000085a00000, 0x0000000085b00000, 0x0000000085b00000|100%| E|CS|TAMS 0x0000000085a00000| PB 0x0000000085a00000| Complete 
|  43|0x0000000085b00000, 0x0000000085c00000, 0x0000000085c00000|100%| E|CS|TAMS 0x0000000085b00000| PB 0x0000000085b00000| Complete 
|  44|0x0000000085c00000, 0x0000000085d00000, 0x0000000085d00000|100%| E|CS|TAMS 0x0000000085c00000| PB 0x0000000085c00000| Complete 
|  45|0x0000000085d00000, 0x0000000085e00000, 0x0000000085e00000|100%| E|CS|TAMS 0x0000000085d00000| PB 0x0000000085d00000| Complete 
|  46|0x0000000085e00000, 0x0000000085f00000, 0x0000000085f00000|100%| E|CS|TAMS 0x0000000085e00000| PB 0x0000000085e00000| Complete 
|  82|0x0000000088200000, 0x0000000088300000, 0x0000000088300000|100%| E|CS|TAMS 0x0000000088200000| PB 0x0000000088200000| Complete 
|  83|0x0000000088300000, 0x0000000088400000, 0x0000000088400000|100%| E|CS|TAMS 0x0000000088300000| PB 0x0000000088300000| Complete 
|  84|0x0000000088400000, 0x0000000088500000, 0x0000000088500000|100%| E|CS|TAMS 0x0000000088400000| PB 0x0000000088400000| Complete 
|  85|0x0000000088500000, 0x0000000088600000, 0x0000000088600000|100%| E|CS|TAMS 0x0000000088500000| PB 0x0000000088500000| Complete 
|  86|0x0000000088600000, 0x0000000088700000, 0x0000000088700000|100%| E|CS|TAMS 0x0000000088600000| PB 0x0000000088600000| Complete 
| 124|0x000000008ac00000, 0x000000008ad00000, 0x000000008ad00000|100%| E|CS|TAMS 0x000000008ac00000| PB 0x000000008ac00000| Complete 
| 125|0x000000008ad00000, 0x000000008ae00000, 0x000000008ae00000|100%| E|CS|TAMS 0x000000008ad00000| PB 0x000000008ad00000| Complete 

Card table byte_map: [0x0000018a33450000,0x0000018a33840000] _byte_map_base: 0x0000018a33038000

Marking Bits: (CMBitMap*) 0x0000018a1b8fc050
 Bits: [0x0000018a33840000, 0x0000018a35780000)

Polling page: 0x0000018a19750000

Metaspace:

Usage:
  Non-class:     41.58 MB used.
      Class:      6.24 MB used.
       Both:     47.82 MB used.

Virtual space:
  Non-class space:       64.00 MB reserved,      41.88 MB ( 65%) committed,  1 nodes.
      Class space:        1.00 GB reserved,       6.50 MB ( <1%) committed,  1 nodes.
             Both:        1.06 GB reserved,      48.38 MB (  4%) committed. 

Chunk freelists:
   Non-Class:  5.47 MB
       Class:  9.53 MB
        Both:  15.00 MB

MaxMetaspaceSize: unlimited
CompressedClassSpaceSize: 1.00 GB
Initial GC threshold: 21.00 MB
Current GC threshold: 59.00 MB
CDS: on
 - commit_granule_bytes: 65536.
 - commit_granule_words: 8192.
 - virtual_space_node_default_size: 8388608.
 - enlarge_chunks_in_place: 1.
 - use_allocation_guard: 0.


Internal statistics:

num_allocs_failed_limit: 6.
num_arena_births: 688.
num_arena_deaths: 0.
num_vsnodes_births: 2.
num_vsnodes_deaths: 0.
num_space_committed: 774.
num_space_uncommitted: 0.
num_chunks_returned_to_freelist: 6.
num_chunks_taken_from_freelist: 2353.
num_chunk_merges: 6.
num_chunk_splits: 1643.
num_chunks_enlarged: 1239.
num_inconsistent_stats: 0.

CodeHeap 'non-profiled nmethods': size=120000Kb used=2836Kb max_used=2836Kb free=117163Kb
 bounds [0x0000018a2b800000, 0x0000018a2bad0000, 0x0000018a32d30000]
CodeHeap 'profiled nmethods': size=120000Kb used=9483Kb max_used=9483Kb free=110516Kb
 bounds [0x0000018a23d30000, 0x0000018a24680000, 0x0000018a2b260000]
CodeHeap 'non-nmethods': size=5760Kb used=1603Kb max_used=1631Kb free=4156Kb
 bounds [0x0000018a2b260000, 0x0000018a2b4d0000, 0x0000018a2b800000]
 total_blobs=5327 nmethods=4676 adapters=553
 compilation: enabled
              stopped_count=0, restarted_count=0
 full_count=0

Compilation events (20 events):
Event: 29.492 Thread 0x0000018a38e56e50 nmethod 4955 0x0000018a2bac0790 code [0x0000018a2bac0a00, 0x0000018a2bac1bf8]
Event: 29.495 Thread 0x0000018a38e56e50 4961       4       java.lang.reflect.Method::hashCode (19 bytes)
Event: 29.520 Thread 0x0000018a38e56e50 nmethod 4961 0x0000018a2bac2790 code [0x0000018a2bac29a0, 0x0000018a2bac3040]
Event: 29.525 Thread 0x0000018a38e56e50 4956       4       java.util.zip.ZipFile$InflaterCleanupAction::run (12 bytes)
Event: 29.527 Thread 0x0000018a381cc510 4968       1       org.hibernate.type.descriptor.java.AbstractClassJavaType::getJavaType (5 bytes)
Event: 29.527 Thread 0x0000018a381cc510 nmethod 4968 0x0000018a2bac3290 code [0x0000018a2bac3420, 0x0000018a2bac34e8]
Event: 29.532 Thread 0x0000018a381cc510 4969       3       org.hibernate.annotations.common.reflection.java.JavaXMember::getAnnotation (6 bytes)
Event: 29.534 Thread 0x0000018a381cc510 nmethod 4969 0x0000018a2465c190 code [0x0000018a2465c3a0, 0x0000018a2465ca60]
Event: 29.543 Thread 0x0000018a381cc510 4970       3       java.util.concurrent.ConcurrentHashMap::getOrDefault (16 bytes)
Event: 29.544 Thread 0x0000018a381cc510 nmethod 4970 0x0000018a2465cd10 code [0x0000018a2465cec0, 0x0000018a2465d070]
Event: 29.544 Thread 0x0000018a381cc510 4971       3       jdk.internal.module.ServicesCatalog::findServices (17 bytes)
Event: 29.544 Thread 0x0000018a381cc510 nmethod 4971 0x0000018a2465d110 code [0x0000018a2465d2e0, 0x0000018a2465d628]
Event: 29.552 Thread 0x0000018a381cc510 4973       3       java.lang.ClassLoader::getResources (55 bytes)
Event: 29.554 Thread 0x0000018a381cc510 nmethod 4973 0x0000018a2465d710 code [0x0000018a2465d960, 0x0000018a2465e5e8]
Event: 29.554 Thread 0x0000018a381cc510 4974       3       java.lang.CompoundEnumeration::<init> (10 bytes)
Event: 29.555 Thread 0x0000018a381cc510 nmethod 4974 0x0000018a2465e910 code [0x0000018a2465eac0, 0x0000018a2465ec78]
Event: 29.557 Thread 0x0000018a38e56e50 nmethod 4956 0x0000018a2bac3590 code [0x0000018a2bac3780, 0x0000018a2bac4188]
Event: 29.557 Thread 0x0000018a38e56e50 4972       4       java.util.HashSet::<init> (16 bytes)
Event: 29.565 Thread 0x0000018a38e56e50 nmethod 4972 0x0000018a2bac4590 code [0x0000018a2bac4720, 0x0000018a2bac48f8]
Event: 29.565 Thread 0x0000018a38e56e50 4957   !   4       java.util.zip.ZipFile$CleanableResource::releaseInflater (53 bytes)

GC Heap History (16 events):
Event: 3.288 GC heap before
{Heap before GC invocations=0 (full 0):
 garbage-first heap   total 129024K, used 24576K [0x0000000083000000, 0x0000000100000000)
  region size 1024K, 23 young (23552K), 0 survivors (0K)
 Metaspace       used 5477K, committed 5632K, reserved 1114112K
  class space    used 614K, committed 704K, reserved 1048576K
}
Event: 3.309 GC heap after
{Heap after GC invocations=1 (full 0):
 garbage-first heap   total 129024K, used 8847K [0x0000000083000000, 0x0000000100000000)
  region size 1024K, 3 young (3072K), 3 survivors (3072K)
 Metaspace       used 5477K, committed 5632K, reserved 1114112K
  class space    used 614K, committed 704K, reserved 1048576K
}
Event: 6.101 GC heap before
{Heap before GC invocations=1 (full 0):
 garbage-first heap   total 129024K, used 34447K [0x0000000083000000, 0x0000000100000000)
  region size 1024K, 28 young (28672K), 3 survivors (3072K)
 Metaspace       used 12180K, committed 12416K, reserved 1114112K
  class space    used 1512K, committed 1600K, reserved 1048576K
}
Event: 6.114 GC heap after
{Heap after GC invocations=2 (full 0):
 garbage-first heap   total 129024K, used 11203K [0x0000000083000000, 0x0000000100000000)
  region size 1024K, 3 young (3072K), 3 survivors (3072K)
 Metaspace       used 12180K, committed 12416K, reserved 1114112K
  class space    used 1512K, committed 1600K, reserved 1048576K
}
Event: 10.125 GC heap before
{Heap before GC invocations=2 (full 0):
 garbage-first heap   total 129024K, used 47043K [0x0000000083000000, 0x0000000100000000)
  region size 1024K, 39 young (39936K), 3 survivors (3072K)
 Metaspace       used 21118K, committed 21504K, reserved 1114112K
  class space    used 2694K, committed 2880K, reserved 1048576K
}
Event: 10.151 GC heap after
{Heap after GC invocations=3 (full 0):
 garbage-first heap   total 129024K, used 13721K [0x0000000083000000, 0x0000000100000000)
  region size 1024K, 5 young (5120K), 5 survivors (5120K)
 Metaspace       used 21118K, committed 21504K, reserved 1114112K
  class space    used 2694K, committed 2880K, reserved 1048576K
}
Event: 12.709 GC heap before
{Heap before GC invocations=4 (full 0):
 garbage-first heap   total 55296K, used 41369K [0x0000000083000000, 0x0000000100000000)
  region size 1024K, 32 young (32768K), 5 survivors (5120K)
 Metaspace       used 24466K, committed 24832K, reserved 1114112K
  class space    used 3110K, committed 3264K, reserved 1048576K
}
Event: 12.734 GC heap after
{Heap after GC invocations=5 (full 0):
 garbage-first heap   total 55296K, used 16658K [0x0000000083000000, 0x0000000100000000)
  region size 1024K, 4 young (4096K), 4 survivors (4096K)
 Metaspace       used 24466K, committed 24832K, reserved 1114112K
  class space    used 3110K, committed 3264K, reserved 1048576K
}
Event: 17.463 GC heap before
{Heap before GC invocations=5 (full 0):
 garbage-first heap   total 55296K, used 41234K [0x0000000083000000, 0x0000000100000000)
  region size 1024K, 29 young (29696K), 4 survivors (4096K)
 Metaspace       used 28538K, committed 28992K, reserved 1114112K
  class space    used 3644K, committed 3840K, reserved 1048576K
}
Event: 17.488 GC heap after
{Heap after GC invocations=6 (full 0):
 garbage-first heap   total 55296K, used 18347K [0x0000000083000000, 0x0000000100000000)
  region size 1024K, 3 young (3072K), 3 survivors (3072K)
 Metaspace       used 28538K, committed 28992K, reserved 1114112K
  class space    used 3644K, committed 3840K, reserved 1048576K
}
Event: 21.821 GC heap before
{Heap before GC invocations=6 (full 0):
 garbage-first heap   total 55296K, used 42923K [0x0000000083000000, 0x0000000100000000)
  region size 1024K, 28 young (28672K), 3 survivors (3072K)
 Metaspace       used 34468K, committed 34944K, reserved 1114112K
  class space    used 4522K, committed 4736K, reserved 1048576K
}
Event: 21.859 GC heap after
{Heap after GC invocations=7 (full 0):
 garbage-first heap   total 55296K, used 20390K [0x0000000083000000, 0x0000000100000000)
  region size 1024K, 4 young (4096K), 4 survivors (4096K)
 Metaspace       used 34468K, committed 34944K, reserved 1114112K
  class space    used 4522K, committed 4736K, reserved 1048576K
}
Event: 22.687 GC heap before
{Heap before GC invocations=7 (full 0):
 garbage-first heap   total 55296K, used 24486K [0x0000000083000000, 0x0000000100000000)
  region size 1024K, 9 young (9216K), 4 survivors (4096K)
 Metaspace       used 35634K, committed 36096K, reserved 1114112K
  class space    used 4695K, committed 4928K, reserved 1048576K
}
Event: 22.702 GC heap after
{Heap after GC invocations=8 (full 0):
 garbage-first heap   total 55296K, used 21194K [0x0000000083000000, 0x0000000100000000)
  region size 1024K, 1 young (1024K), 1 survivors (1024K)
 Metaspace       used 35634K, committed 36096K, reserved 1114112K
  class space    used 4695K, committed 4928K, reserved 1048576K
}
Event: 28.474 GC heap before
{Heap before GC invocations=9 (full 0):
 garbage-first heap   total 55296K, used 46794K [0x0000000083000000, 0x0000000100000000)
  region size 1024K, 26 young (26624K), 1 survivors (1024K)
 Metaspace       used 46002K, committed 46592K, reserved 1114112K
  class space    used 5985K, committed 6272K, reserved 1048576K
}
Event: 28.491 GC heap after
{Heap after GC invocations=10 (full 0):
 garbage-first heap   total 55296K, used 23760K [0x0000000083000000, 0x0000000100000000)
  region size 1024K, 4 young (4096K), 4 survivors (4096K)
 Metaspace       used 46002K, committed 46592K, reserved 1114112K
  class space    used 5985K, committed 6272K, reserved 1048576K
}

Dll operation events (11 events):
Event: 0.033 Loaded shared library C:\Program Files\Java\jdk-21\bin\java.dll
Event: 0.817 Loaded shared library C:\Program Files\Java\jdk-21\bin\jsvml.dll
Event: 0.844 Loaded shared library C:\Program Files\Java\jdk-21\bin\net.dll
Event: 0.847 Loaded shared library C:\Program Files\Java\jdk-21\bin\nio.dll
Event: 0.853 Loaded shared library C:\Program Files\Java\jdk-21\bin\zip.dll
Event: 0.962 Loaded shared library C:\Program Files\Java\jdk-21\bin\management.dll
Event: 0.977 Loaded shared library C:\Program Files\Java\jdk-21\bin\management_ext.dll
Event: 1.040 Loaded shared library C:\Program Files\Java\jdk-21\bin\jimage.dll
Event: 10.925 Loaded shared library C:\Program Files\Java\jdk-21\bin\sunmscapi.dll
Event: 22.417 Loaded shared library C:\Program Files\Java\jdk-21\bin\verify.dll
Event: 24.604 Loaded shared library C:\Program Files\Java\jdk-21\bin\extnet.dll

Deoptimization events (20 events):
Event: 28.559 Thread 0x0000018a02f16930 Uncommon trap: trap_request=0xffffffbe fr.pc=0x0000018a2baa3ad0 relative=0x0000000000000390
Event: 28.559 Thread 0x0000018a02f16930 Uncommon trap: reason=profile_predicate action=maybe_recompile pc=0x0000018a2baa3ad0 method=java.util.Arrays$ArrayList.indexOf(Ljava/lang/Object;)I @ 39 c2
Event: 28.559 Thread 0x0000018a02f16930 DEOPT PACKING pc=0x0000018a2baa3ad0 sp=0x00000058901fe480
Event: 28.559 Thread 0x0000018a02f16930 DEOPT UNPACKING pc=0x0000018a2b2b46a2 sp=0x00000058901fe3f8 mode 2
Event: 28.561 Thread 0x0000018a02f16930 Uncommon trap: trap_request=0xffffffbe fr.pc=0x0000018a2baa3ad0 relative=0x0000000000000390
Event: 28.561 Thread 0x0000018a02f16930 Uncommon trap: reason=profile_predicate action=maybe_recompile pc=0x0000018a2baa3ad0 method=java.util.Arrays$ArrayList.indexOf(Ljava/lang/Object;)I @ 39 c2
Event: 28.561 Thread 0x0000018a02f16930 DEOPT PACKING pc=0x0000018a2baa3ad0 sp=0x00000058901fde50
Event: 28.561 Thread 0x0000018a02f16930 DEOPT UNPACKING pc=0x0000018a2b2b46a2 sp=0x00000058901fddc8 mode 2
Event: 28.562 Thread 0x0000018a02f16930 Uncommon trap: trap_request=0xffffffbe fr.pc=0x0000018a2baa3ad0 relative=0x0000000000000390
Event: 28.562 Thread 0x0000018a02f16930 Uncommon trap: reason=profile_predicate action=maybe_recompile pc=0x0000018a2baa3ad0 method=java.util.Arrays$ArrayList.indexOf(Ljava/lang/Object;)I @ 39 c2
Event: 28.562 Thread 0x0000018a02f16930 DEOPT PACKING pc=0x0000018a2baa3ad0 sp=0x00000058901fde20
Event: 28.562 Thread 0x0000018a02f16930 DEOPT UNPACKING pc=0x0000018a2b2b46a2 sp=0x00000058901fdd98 mode 2
Event: 28.582 Thread 0x0000018a02f16930 DEOPT PACKING pc=0x0000018a24588548 sp=0x00000058901fdd10
Event: 28.582 Thread 0x0000018a02f16930 DEOPT UNPACKING pc=0x0000018a2b2b4e42 sp=0x00000058901fd198 mode 0
Event: 28.587 Thread 0x0000018a02f16930 DEOPT PACKING pc=0x0000018a24588548 sp=0x00000058901fd900
Event: 28.587 Thread 0x0000018a02f16930 DEOPT UNPACKING pc=0x0000018a2b2b4e42 sp=0x00000058901fcd88 mode 0
Event: 28.668 Thread 0x0000018a02f16930 DEOPT PACKING pc=0x0000018a24588470 sp=0x00000058901fd960
Event: 28.668 Thread 0x0000018a02f16930 DEOPT UNPACKING pc=0x0000018a2b2b4e42 sp=0x00000058901fcde8 mode 0
Event: 28.674 Thread 0x0000018a02f16930 DEOPT PACKING pc=0x0000018a24588470 sp=0x00000058901fd840
Event: 28.674 Thread 0x0000018a02f16930 DEOPT UNPACKING pc=0x0000018a2b2b4e42 sp=0x00000058901fccc8 mode 0

Classes loaded (20 events):
Event: 27.287 Loading class sun/security/ssl/NewSessionTicket$NewSessionTicketMessage done
Event: 27.287 Loading class sun/security/ssl/NewSessionTicket$T13NewSessionTicketMessage done
Event: 27.788 Loading class java/util/concurrent/ThreadPoolExecutor$CallerRunsPolicy
Event: 27.788 Loading class java/util/concurrent/ThreadPoolExecutor$CallerRunsPolicy done
Event: 27.792 Loading class java/util/concurrent/atomic/AtomicReferenceFieldUpdater
Event: 27.793 Loading class java/util/concurrent/atomic/AtomicReferenceFieldUpdater done
Event: 27.793 Loading class java/util/concurrent/atomic/AtomicReferenceFieldUpdater$AtomicReferenceFieldUpdaterImpl
Event: 27.794 Loading class java/util/concurrent/atomic/AtomicReferenceFieldUpdater$AtomicReferenceFieldUpdaterImpl done
Event: 27.794 Loading class java/util/concurrent/atomic/AtomicReferenceFieldUpdater$AtomicReferenceFieldUpdaterImpl$1
Event: 27.795 Loading class java/util/concurrent/atomic/AtomicReferenceFieldUpdater$AtomicReferenceFieldUpdaterImpl$1 done
Event: 27.862 Loading class java/util/TimerTask
Event: 27.863 Loading class java/util/TimerTask done
Event: 27.872 Loading class java/security/CodeSigner
Event: 27.872 Loading class java/security/CodeSigner done
Event: 28.053 Loading class jdk/internal/event/ThreadSleepEvent
Event: 28.054 Loading class jdk/internal/event/ThreadSleepEvent done
Event: 28.427 Loading class java/util/regex/Pattern$1MatcherIterator
Event: 28.428 Loading class java/util/regex/Pattern$1MatcherIterator done
Event: 28.583 Loading class jdk/internal/reflect/MethodHandleIntegerFieldAccessorImpl
Event: 28.583 Loading class jdk/internal/reflect/MethodHandleIntegerFieldAccessorImpl done

Classes unloaded (0 events):
No events

Classes redefined (0 events):
No events

Internal exceptions (20 events):
Event: 17.438 Thread 0x0000018a19480440 Exception <a 'java/lang/NoClassDefFoundError'{0x0000000084db6270}: org/quartz/Scheduler> (0x0000000084db6270) 
thrown [s\open\src\hotspot\share\classfile\systemDictionary.cpp, line 301]
Event: 17.438 Thread 0x0000018a19480440 Exception <a 'java/lang/NoClassDefFoundError'{0x0000000084db8ae0}: org/springframework/session/jdbc/JdbcIndexedSessionRepository> (0x0000000084db8ae0) 
thrown [s\open\src\hotspot\share\classfile\systemDictionary.cpp, line 301]
Event: 17.658 Thread 0x0000018a19480440 Exception <a 'java/lang/NoSuchMethodError'{0x000000008acc7918}: 'void java.lang.invoke.DirectMethodHandle$Holder.invokeVirtual(java.lang.Object, java.lang.Object, int)'> (0x000000008acc7918) 
thrown [s\open\src\hotspot\share\interpreter\linkResolver.cpp, line 773]
Event: 17.659 Thread 0x0000018a19480440 Exception <a 'java/lang/NoSuchMethodError'{0x000000008accc080}: 'int java.lang.invoke.DirectMethodHandle$Holder.invokeSpecial(java.lang.Object, java.lang.Object, java.lang.Object, int)'> (0x000000008accc080) 
thrown [s\open\src\hotspot\share\interpreter\linkResolver.cpp, line 773]
Event: 17.662 Thread 0x0000018a19480440 Exception <a 'java/lang/NoSuchMethodError'{0x000000008acde290}: 'java.lang.Object java.lang.invoke.DirectMethodHandle$Holder.invokeStatic(java.lang.Object, java.lang.Object, java.lang.Object, java.lang.Object, int)'> (0x000000008acde290) 
thrown [s\open\src\hotspot\share\interpreter\linkResolver.cpp, line 773]
Event: 17.665 Thread 0x0000018a19480440 Exception <a 'java/lang/NoSuchMethodError'{0x000000008ace8ce8}: 'void java.lang.invoke.DelegatingMethodHandle$Holder.reinvoke_L(java.lang.Object, java.lang.Object, int)'> (0x000000008ace8ce8) 
thrown [s\open\src\hotspot\share\interpreter\linkResolver.cpp, line 773]
Event: 18.533 Thread 0x0000018a19480440 Exception <a 'java/lang/NoSuchMethodError'{0x000000008839f738}: 'java.lang.Object java.lang.invoke.DirectMethodHandle$Holder.invokeVirtual(java.lang.Object, java.lang.Object, java.lang.Object, java.lang.Object, java.lang.Object)'> (0x000000008839f738) 
thrown [s\open\src\hotspot\share\interpreter\linkResolver.cpp, line 773]
Event: 18.573 Thread 0x0000018a19480440 Exception <a 'java/lang/NoSuchMethodError'{0x000000008821f120}: 'void java.lang.invoke.DirectMethodHandle$Holder.invokeVirtual(java.lang.Object, java.lang.Object, long)'> (0x000000008821f120) 
thrown [s\open\src\hotspot\share\interpreter\linkResolver.cpp, line 773]
Event: 18.836 Thread 0x0000018a19480440 Exception <a 'java/lang/NoSuchMethodError'{0x0000000085ddfac8}: 'java.lang.Object java.lang.invoke.DirectMethodHandle$Holder.newInvokeSpecial(java.lang.Object, java.lang.Object, java.lang.Object, java.lang.Object, java.lang.Object, java.lang.Object, java.lang.Object, java.lang.Object, java.lang.Object, java.lang.Object, java.lang.Object, java.lang.Object)'> (0x0000000085ddfac8) 
thrown [s\open\src\hotspot\share\interpreter\linkResolver.cpp, line 773]
Event: 18.838 Thread 0x0000018a19480440 Exception <a 'java/lang/NoSuchMethodError'{0x0000000085de5048}: 'java.lang.Object java.lang.invoke.DirectMethodHandle$Holder.invokeSpecial(java.lang.Object, java.lang.Object, java.lang.Object, java.lang.Object, java.lang.Object, java.lang.Object, java.lang.Object, java.lang.Object, java.lang.Object, java.lang.Object, java.lang.Object, java.lang.Object, java.lang.Object)'> (0x0000000085de5048) 
thrown [s\open\src\hotspot\share\interpreter\linkResolver.cpp, line 773]
Event: 19.759 Thread 0x0000018a19480440 Exception <a 'java/lang/NoSuchMethodError'{0x00000000859ab808}: 'void java.lang.invoke.DelegatingMethodHandle$Holder.reinvoke_L(java.lang.Object, java.lang.Object, java.lang.Object, java.lang.Object, int, java.lang.Object, java.lang.Object, java.lang.Object)'> (0x00000000859ab808) 
thrown [s\open\src\hotspot\share\interpreter\linkResolver.cpp, line 773]
Event: 20.965 Thread 0x0000018a19480440 Exception <a 'java/lang/NoSuchMethodError'{0x000000008529e038}: 'java.lang.Object java.lang.invoke.DirectMethodHandle$Holder.invokeStaticInit(java.lang.Object, int, int, int, int)'> (0x000000008529e038) 
thrown [s\open\src\hotspot\share\interpreter\linkResolver.cpp, line 773]
Event: 21.132 Thread 0x0000018a19480440 Exception <a 'java/lang/NoSuchMethodError'{0x00000000851744b8}: 'java.lang.Object java.lang.invoke.DirectMethodHandle$Holder.invokeStaticInit(java.lang.Object, java.lang.Object, int, int, int, int)'> (0x00000000851744b8) 
thrown [s\open\src\hotspot\share\interpreter\linkResolver.cpp, line 773]
Event: 24.004 Thread 0x0000018a19480440 Exception <a 'java/lang/NoSuchMethodError'{0x0000000085cecd30}: 'int java.lang.invoke.DirectMethodHandle$Holder.invokeStatic(java.lang.Object)'> (0x0000000085cecd30) 
thrown [s\open\src\hotspot\share\interpreter\linkResolver.cpp, line 773]
Event: 25.652 Thread 0x0000018a19480440 Exception <a 'sun/nio/fs/WindowsException'{0x0000000085313850}> (0x0000000085313850) 
thrown [s\open\src\hotspot\share\prims\jni.cpp, line 520]
Event: 28.535 Thread 0x0000018a19480440 Exception <a 'java/lang/NoSuchMethodError'{0x000000008ad35a00}: 'java.lang.Object java.lang.invoke.DirectMethodHandle$Holder.invokeStaticInit(java.lang.Object, java.lang.Object, java.lang.Object, java.lang.Object)'> (0x000000008ad35a00) 
thrown [s\open\src\hotspot\share\interpreter\linkResolver.cpp, line 773]
Event: 28.583 Thread 0x0000018a19480440 Exception <a 'java/lang/NoSuchMethodError'{0x000000008ac3cd08}: 'int java.lang.invoke.Invokers$Holder.invokeExact_MT(java.lang.Object, java.lang.Object)'> (0x000000008ac3cd08) 
thrown [s\open\src\hotspot\share\interpreter\linkResolver.cpp, line 773]
Event: 29.153 Thread 0x0000018a19480440 Exception <a 'java/lang/NoSuchMethodError'{0x0000000085e6e718}: 'java.lang.Object java.lang.invoke.DirectMethodHandle$Holder.newInvokeSpecial(java.lang.Object, java.lang.Object, java.lang.Object, int)'> (0x0000000085e6e718) 
thrown [s\open\src\hotspot\share\interpreter\linkResolver.cpp, line 773]
Event: 29.154 Thread 0x0000018a19480440 Exception <a 'java/lang/NoSuchMethodError'{0x0000000085e72d28}: 'java.lang.Object java.lang.invoke.DirectMethodHandle$Holder.invokeSpecial(java.lang.Object, java.lang.Object, java.lang.Object, java.lang.Object, int)'> (0x0000000085e72d28) 
thrown [s\open\src\hotspot\share\interpreter\linkResolver.cpp, line 773]
Event: 29.155 Thread 0x0000018a19480440 Exception <a 'java/lang/NoSuchMethodError'{0x0000000085e769d0}: 'java.lang.Object java.lang.invoke.Invokers$Holder.linkToTargetMethod(java.lang.Object, java.lang.Object, int, java.lang.Object)'> (0x0000000085e769d0) 
thrown [s\open\src\hotspot\share\interpreter\linkResolver.cpp, line 773]

ZGC Phase Switch (0 events):
No events

VM Operations (20 events):
Event: 24.908 Executing VM operation: Cleanup done
Event: 25.345 Executing VM operation: HandshakeAllThreads (Deoptimize)
Event: 25.345 Executing VM operation: HandshakeAllThreads (Deoptimize) done
Event: 25.657 Executing VM operation: HandshakeAllThreads (Deoptimize)
Event: 25.657 Executing VM operation: HandshakeAllThreads (Deoptimize) done
Event: 25.682 Executing VM operation: HandshakeAllThreads (Deoptimize)
Event: 25.682 Executing VM operation: HandshakeAllThreads (Deoptimize) done
Event: 25.685 Executing VM operation: HandshakeAllThreads (Deoptimize)
Event: 25.685 Executing VM operation: HandshakeAllThreads (Deoptimize) done
Event: 26.683 Executing VM operation: Cleanup
Event: 26.684 Executing VM operation: Cleanup done
Event: 27.103 Executing VM operation: HandshakeAllThreads (Deoptimize)
Event: 27.103 Executing VM operation: HandshakeAllThreads (Deoptimize) done
Event: 28.107 Executing VM operation: Cleanup
Event: 28.108 Executing VM operation: Cleanup done
Event: 28.474 Executing VM operation: G1CollectForAllocation (G1 Evacuation Pause)
Event: 28.491 Executing VM operation: G1CollectForAllocation (G1 Evacuation Pause) done
Event: 29.511 Executing VM operation: Cleanup
Event: 29.511 Executing VM operation: Cleanup done
Event: 30.514 Executing VM operation: Cleanup

Events (20 events):
Event: 22.751 Thread 0x0000018a38195390 flushing nmethod 0x0000018a240b8f10
Event: 22.751 Thread 0x0000018a38195390 flushing nmethod 0x0000018a240b9290
Event: 22.751 Thread 0x0000018a38195390 flushing nmethod 0x0000018a240ba410
Event: 22.751 Thread 0x0000018a38195390 flushing nmethod 0x0000018a240ba810
Event: 22.751 Thread 0x0000018a38195390 flushing nmethod 0x0000018a240ca710
Event: 22.751 Thread 0x0000018a38195390 flushing nmethod 0x0000018a24153990
Event: 24.950 Thread 0x0000018a0093f3b0 Thread exited: 0x0000018a0093f3b0
Event: 25.511 Thread 0x0000018a0093f3b0 Thread added: 0x0000018a0093f3b0
Event: 25.658 Thread 0x0000018a0093f3b0 Thread exited: 0x0000018a0093f3b0
Event: 26.613 Thread 0x0000018a02f16930 Thread added: 0x0000018a02f16930
Event: 26.620 Thread 0x0000018a38e56e50 Thread added: 0x0000018a38e56e50
Event: 27.048 Thread 0x0000018a38e56e50 Thread exited: 0x0000018a38e56e50
Event: 27.048 Thread 0x0000018a02f16930 Thread exited: 0x0000018a02f16930
Event: 27.199 Thread 0x0000018a02f16930 Thread added: 0x0000018a02f16930
Event: 27.510 Thread 0x0000018a02f16930 Thread exited: 0x0000018a02f16930
Event: 27.781 Thread 0x0000018a7ea28580 Thread added: 0x0000018a7ea28580
Event: 27.901 Thread 0x0000018a02f16930 Thread added: 0x0000018a02f16930
Event: 27.938 Thread 0x0000018a38e56e50 Thread added: 0x0000018a38e56e50
Event: 28.662 Thread 0x0000018a7ed08dd0 Thread added: 0x0000018a7ed08dd0
Event: 29.040 Thread 0x0000018a7ed08dd0 Thread exited: 0x0000018a7ed08dd0


Dynamic libraries:
0x00007ff632bd0000 - 0x00007ff632be0000 	C:\Program Files\Java\jdk-21\bin\java.exe
0x00007ff9f9080000 - 0x00007ff9f92e9000 	C:\WINDOWS\SYSTEM32\ntdll.dll
0x00007ff9f7000000 - 0x00007ff9f70c9000 	C:\WINDOWS\System32\KERNEL32.DLL
0x00007ff9f64c0000 - 0x00007ff9f68b3000 	C:\WINDOWS\System32\KERNELBASE.dll
0x00007ff9f6340000 - 0x00007ff9f648b000 	C:\WINDOWS\System32\ucrtbase.dll
0x00007ff9d4900000 - 0x00007ff9d4919000 	C:\Program Files\Java\jdk-21\bin\jli.dll
0x00007ff9d48e0000 - 0x00007ff9d48fb000 	C:\Program Files\Java\jdk-21\bin\VCRUNTIME140.dll
0x00007ff9f72e0000 - 0x00007ff9f7394000 	C:\WINDOWS\System32\ADVAPI32.dll
0x00007ff9f7230000 - 0x00007ff9f72d9000 	C:\WINDOWS\System32\msvcrt.dll
0x00007ff9f6f50000 - 0x00007ff9f6ff6000 	C:\WINDOWS\System32\sechost.dll
0x00007ff9f7420000 - 0x00007ff9f7538000 	C:\WINDOWS\System32\RPCRT4.dll
0x00007ff9f7fb0000 - 0x00007ff9f8174000 	C:\WINDOWS\System32\USER32.dll
0x00007ff9f6490000 - 0x00007ff9f64b7000 	C:\WINDOWS\System32\win32u.dll
0x00007ff9f7580000 - 0x00007ff9f75ab000 	C:\WINDOWS\System32\GDI32.dll
0x00007ff9dbdc0000 - 0x00007ff9dc053000 	C:\WINDOWS\WinSxS\amd64_microsoft.windows.common-controls_6595b64144ccf1df_6.0.26100.5074_none_3e0d6f78e32fd63f\COMCTL32.dll
0x00007ff9f6210000 - 0x00007ff9f633d000 	C:\WINDOWS\System32\gdi32full.dll
0x00007ff9f6ce0000 - 0x00007ff9f6d83000 	C:\WINDOWS\System32\msvcp_win.dll
0x00007ff9ee770000 - 0x00007ff9ee77b000 	C:\WINDOWS\SYSTEM32\VERSION.dll
0x00007ff9f7540000 - 0x00007ff9f756f000 	C:\WINDOWS\System32\IMM32.DLL
0x00007ff9d65a0000 - 0x00007ff9d65ac000 	C:\Program Files\Java\jdk-21\bin\vcruntime140_1.dll
0x00007ff9d1640000 - 0x00007ff9d16ce000 	C:\Program Files\Java\jdk-21\bin\msvcp140.dll
0x00007ff9cf7f0000 - 0x00007ff9d050a000 	C:\Program Files\Java\jdk-21\bin\server\jvm.dll
0x00007ff9f73a0000 - 0x00007ff9f7414000 	C:\WINDOWS\System32\WS2_32.dll
0x00007ff9f6070000 - 0x00007ff9f60ce000 	C:\WINDOWS\SYSTEM32\POWRPROF.dll
0x00007ff9dfd50000 - 0x00007ff9dfd85000 	C:\WINDOWS\SYSTEM32\WINMM.dll
0x00007ff9f6050000 - 0x00007ff9f6064000 	C:\WINDOWS\SYSTEM32\UMPDC.dll
0x00007ff9f4fb0000 - 0x00007ff9f4fcb000 	C:\WINDOWS\SYSTEM32\kernel.appcore.dll
0x00007ff9d47e0000 - 0x00007ff9d47ea000 	C:\Program Files\Java\jdk-21\bin\jimage.dll
0x00007ff9f3a60000 - 0x00007ff9f3ca2000 	C:\WINDOWS\SYSTEM32\DBGHELP.DLL
0x00007ff9f84d0000 - 0x00007ff9f884b000 	C:\WINDOWS\System32\combase.dll
0x00007ff9f7950000 - 0x00007ff9f7a27000 	C:\WINDOWS\System32\OLEAUT32.dll
0x00007ff9d6bf0000 - 0x00007ff9d6c2d000 	C:\WINDOWS\SYSTEM32\dbgcore.DLL
0x00007ff9f68c0000 - 0x00007ff9f6959000 	C:\WINDOWS\System32\bcryptPrimitives.dll
0x00007ff9d4e40000 - 0x00007ff9d4e5f000 	C:\Program Files\Java\jdk-21\bin\java.dll
0x00007ff9f88e0000 - 0x00007ff9f902d000 	C:\WINDOWS\System32\SHELL32.dll
0x00007ff9f69f0000 - 0x00007ff9f6b5c000 	C:\WINDOWS\System32\wintypes.dll
0x00007ff9f3e50000 - 0x00007ff9f46a9000 	C:\WINDOWS\SYSTEM32\windows.storage.dll
0x00007ff9f70d0000 - 0x00007ff9f71c0000 	C:\WINDOWS\System32\SHCORE.dll
0x00007ff9f75d0000 - 0x00007ff9f7632000 	C:\WINDOWS\System32\shlwapi.dll
0x00007ff9f6130000 - 0x00007ff9f6159000 	C:\WINDOWS\SYSTEM32\profapi.dll
0x00007ff9cde90000 - 0x00007ff9cdf67000 	C:\Program Files\Java\jdk-21\bin\jsvml.dll
0x00007ff9dc6f0000 - 0x00007ff9dc700000 	C:\Program Files\Java\jdk-21\bin\net.dll
0x00007ff9ecfe0000 - 0x00007ff9ed0ff000 	C:\WINDOWS\SYSTEM32\WINHTTP.dll
0x00007ff9f5510000 - 0x00007ff9f557b000 	C:\WINDOWS\system32\mswsock.dll
0x00007ff9cd7e0000 - 0x00007ff9cd7f6000 	C:\Program Files\Java\jdk-21\bin\nio.dll
0x00007ff9cd7c0000 - 0x00007ff9cd7d8000 	C:\Program Files\Java\jdk-21\bin\zip.dll
0x00007ff9d6480000 - 0x00007ff9d648a000 	C:\Program Files\Java\jdk-21\bin\management.dll
0x00007ff9ce080000 - 0x00007ff9ce08b000 	C:\Program Files\Java\jdk-21\bin\management_ext.dll
0x00007ff9f9030000 - 0x00007ff9f9038000 	C:\WINDOWS\System32\PSAPI.DLL
0x00007ff9e1bf0000 - 0x00007ff9e1bfe000 	C:\Program Files\Java\jdk-21\bin\sunmscapi.dll
0x00007ff9f6b60000 - 0x00007ff9f6cd7000 	C:\WINDOWS\System32\CRYPT32.dll
0x00007ff9f5a30000 - 0x00007ff9f5a60000 	C:\WINDOWS\SYSTEM32\ncrypt.dll
0x00007ff9f59e0000 - 0x00007ff9f5a1f000 	C:\WINDOWS\SYSTEM32\NTASN1.dll
0x00007ff9f58e0000 - 0x00007ff9f58fb000 	C:\WINDOWS\SYSTEM32\CRYPTSP.dll
0x00007ff9f4f10000 - 0x00007ff9f4f4b000 	C:\WINDOWS\system32\rsaenh.dll
0x00007ff9f55b0000 - 0x00007ff9f55db000 	C:\WINDOWS\SYSTEM32\USERENV.dll
0x00007ff9f6100000 - 0x00007ff9f6126000 	C:\WINDOWS\SYSTEM32\bcrypt.dll
0x00007ff9f5740000 - 0x00007ff9f574c000 	C:\WINDOWS\SYSTEM32\CRYPTBASE.dll
0x00007ff9f49b0000 - 0x00007ff9f49e4000 	C:\WINDOWS\SYSTEM32\IPHLPAPI.DLL
0x00007ff9f8850000 - 0x00007ff9f885a000 	C:\WINDOWS\System32\NSI.dll
0x00007ff9e1c00000 - 0x00007ff9e1c10000 	C:\Program Files\Java\jdk-21\bin\verify.dll
0x00007ff9f4a40000 - 0x00007ff9f4b66000 	C:\WINDOWS\SYSTEM32\DNSAPI.dll
0x00007ff9e4aa0000 - 0x00007ff9e4aab000 	C:\Windows\System32\rasadhlp.dll
0x00007ff9e7580000 - 0x00007ff9e7606000 	C:\WINDOWS\System32\fwpuclnt.dll
0x00007ff9ce2b0000 - 0x00007ff9ce2b9000 	C:\Program Files\Java\jdk-21\bin\extnet.dll

dbghelp: loaded successfully - version: 4.0.5 - missing functions: none
symbol engine: initialized successfully - sym options: 0x614 - pdb path: .;C:\Program Files\Java\jdk-21\bin;C:\WINDOWS\SYSTEM32;C:\WINDOWS\WinSxS\amd64_microsoft.windows.common-controls_6595b64144ccf1df_6.0.26100.5074_none_3e0d6f78e32fd63f;C:\Program Files\Java\jdk-21\bin\server

VM Arguments:
java_command: C:\Program Files\KMSpico\temp\surefire7020660530239237421\surefirebooter-20250923123709586_3.jar C:\Program Files\KMSpico\temp\surefire7020660530239237421 2025-09-23T12-37-08_574-jvmRun1 surefire-20250923123709586_1tmp surefire_0-20250923123709586_2tmp
java_class_path (initial): C:\Program Files\KMSpico\temp\surefire7020660530239237421\surefirebooter-20250923123709586_3.jar
Launcher Type: SUN_STANDARD

[Global flags]
     intx CICompilerCount                          = 4                                         {product} {ergonomic}
     uint ConcGCThreads                            = 2                                         {product} {ergonomic}
     uint G1ConcRefinementThreads                  = 8                                         {product} {ergonomic}
   size_t G1HeapRegionSize                         = 1048576                                   {product} {ergonomic}
    uintx GCDrainStackTargetSize                   = 64                                        {product} {ergonomic}
   size_t InitialHeapSize                          = 132120576                                 {product} {ergonomic}
   size_t MarkStackSize                            = 4194304                                   {product} {ergonomic}
   size_t MaxHeapSize                              = 2097152000                                {product} {ergonomic}
   size_t MaxNewSize                               = 1258291200                                {product} {ergonomic}
   size_t MinHeapDeltaBytes                        = 1048576                                   {product} {ergonomic}
   size_t MinHeapSize                              = 8388608                                   {product} {ergonomic}
    uintx NonNMethodCodeHeapSize                   = 5839372                                {pd product} {ergonomic}
    uintx NonProfiledCodeHeapSize                  = 122909434                              {pd product} {ergonomic}
    uintx ProfiledCodeHeapSize                     = 122909434                              {pd product} {ergonomic}
    uintx ReservedCodeCacheSize                    = 251658240                              {pd product} {ergonomic}
     bool SegmentedCodeCache                       = true                                      {product} {ergonomic}
   size_t SoftMaxHeapSize                          = 2097152000                             {manageable} {ergonomic}
     bool UseCompressedOops                        = true                           {product lp64_product} {ergonomic}
     bool UseG1GC                                  = true                                      {product} {ergonomic}
     bool UseLargePagesIndividualAllocation        = false                                  {pd product} {ergonomic}

Logging:
Log output configuration:
 #0: stdout all=warning uptime,level,tags foldmultilines=false
 #1: stderr all=off uptime,level,tags foldmultilines=false

Environment Variables:
JAVA_HOME=C:\Program Files\Java\jdk-21
PATH=C:\Program Files\Common Files\Oracle\Java\javapath;D:\apache-maven-3.9.11-bin\apache-maven-3.9.11\bin;C:\Program Files\Java\jdk-21\bin;C:\WINDOWS\system32;C:\WINDOWS;C:\WINDOWS\System32\Wbem;C:\WINDOWS\System32\WindowsPowerShell\v1.0\;C:\WINDOWS\System32\OpenSSH\;C:\Program Files\nodejs\;C:\Program Files\Git\cmd;C:\Program Files\Python 3.10;;C:\Program Files\Docker\Docker\resources\bin;C:\Users\HP\AppData\Local\Microsoft\WindowsApps;C:\Users\HP\AppData\Local\Programs\Microsoft VS Code\bin;C:\Program Files\MongoDB\Server\7.0\bin;C:\Program Files\MongoDB\mongosh-2.2.10-win32-x64\bin;C:\Users\HP\AppData\Roaming\npm;C:\Users\HP\AppData\Local\Programs\cursor\resources\app\bin;
USERNAME=HP
OS=Windows_NT
PROCESSOR_IDENTIFIER=Intel64 Family 6 Model 142 Stepping 12, GenuineIntel
TMP=C:\PROGRA~1\KMSpico\temp
TEMP=C:\PROGRA~1\KMSpico\temp




Periodic native trim disabled

---------------  S Y S T E M  ---------------

OS:
 Windows 11 , 64 bit Build 26100 (10.0.26100.5074)
OS uptime: 0 days 0:47 hours
Hyper-V role detected

CPU: total 8 (initial active 8) (4 cores per cpu, 2 threads per core) family 6 model 142 stepping 12 microcode 0xf6, cx8, cmov, fxsr, ht, mmx, 3dnowpref, sse, sse2, sse3, ssse3, sse4.1, sse4.2, popcnt, lzcnt, tsc, tscinvbit, avx, avx2, aes, erms, clmul, bmi1, bmi2, adx, fma, vzeroupper, clflush, clflushopt, hv, rdtscp, f16c
Processor Information for processor 0
  Max Mhz: 1896, Current Mhz: 1496, Mhz Limit: 1592
Processor Information for processor 1
  Max Mhz: 1896, Current Mhz: 1496, Mhz Limit: 1592
Processor Information for processor 2
  Max Mhz: 1896, Current Mhz: 1496, Mhz Limit: 1592
Processor Information for processor 3
  Max Mhz: 1896, Current Mhz: 1496, Mhz Limit: 1592
Processor Information for processor 4
  Max Mhz: 1896, Current Mhz: 1596, Mhz Limit: 1592
Processor Information for processor 5
  Max Mhz: 1896, Current Mhz: 1496, Mhz Limit: 1592
Processor Information for processor 6
  Max Mhz: 1896, Current Mhz: 1496, Mhz Limit: 1592
Processor Information for processor 7
  Max Mhz: 1896, Current Mhz: 1496, Mhz Limit: 1592

Memory: 4k page, system-wide physical 7998M (1440M free)
TotalPageFile size 10046M (AvailPageFile size 5M)
current process WorkingSet (physical memory assigned to process): 218M, peak: 220M
current process commit charge ("private bytes"): 253M, peak: 257M

vm_info: Java HotSpot(TM) 64-Bit Server VM (21.0.6+8-LTS-188) for windows-amd64 JRE (21.0.6+8-LTS-188), built on 2024-12-03T10:50:54Z by "mach5one" with MS VC++ 17.6 (VS2022)

END.
