#
# There is insufficient memory for the Java Runtime Environment to continue.
# Native memory allocation (malloc) failed to allocate 1048576 bytes. Error detail: AllocateHeap
# Possible reasons:
#   The system is out of physical RAM or swap space
#   This process is running with CompressedOops enabled, and the Java Heap may be blocking the growth of the native heap
# Possible solutions:
#   Reduce memory load on the system
#   Increase physical memory or swap space
#   Check if swap backing store is full
#   Decrease Java heap size (-Xmx/-Xms)
#   Decrease number of Java threads
#   Decrease Java thread stack sizes (-Xss)
#   Set larger code cache with -XX:ReservedCodeCacheSize=
#   JVM is running with Unscaled Compressed Oops mode in which the Java heap is
#     placed in the first 4GB address space. The Java Heap base address is the
#     maximum limit for the native heap growth. Please use -XX:HeapBaseMinAddress
#     to set the Java Heap base and to place the Java Heap above 4GB virtual address.
# This output file may be truncated or incomplete.
#
#  Out of Memory Error (allocation.cpp:44), pid=18028, tid=18220
#
# JRE version: OpenJDK Runtime Environment Temurin-21.0.6+7 (21.0.6+7) (build 21.0.6+7-LTS)
# Java VM: OpenJDK 64-Bit Server VM Temurin-21.0.6+7 (21.0.6+7-LTS, mixed mode, emulated-client, sharing, tiered, compressed oops, compressed class ptrs, g1 gc, windows-amd64)
# No core dump will be written. Minidumps are not enabled by default on client versions of Windows
#

---------------  S U M M A R Y ------------

Command Line: -Dcom.sun.management.jmxremote -Dcom.sun.management.jmxremote.port=52684 -Dcom.sun.management.jmxremote.authenticate=false -Dcom.sun.management.jmxremote.ssl=false -Djava.rmi.server.hostname=localhost -Dspring.jmx.enabled=true -Dmanagement.endpoints.jmx.exposure.include=* -Dspring.application.admin.enabled=true -Dspring.output.ansi.enabled=always -XX:TieredStopAtLevel=1 -Dspring.boot.project.name=FOODDELIVARY-SPRINGBOOT -Dfile.encoding=UTF-8 -Dstdout.encoding=UTF-8 -Dstderr.encoding=UTF-8 -XX:+ShowCodeDetailsInExceptionMessages com.klef.dev.SpringBootProjectApplication

Host: Intel(R) Core(TM) i5-8365U CPU @ 1.60GHz, 8 cores, 7G,  Windows 11 , 64 bit Build 26100 (10.0.26100.5074)
Time: Fri Sep 12 13:50:01 2025 India Standard Time elapsed time: 762.139408 seconds (0d 0h 12m 42s)

---------------  T H R E A D  ---------------

Current thread (0x000002b8e71b82d0):  VMThread "VM Thread"          [id=18220, stack(0x000000ece9700000,0x000000ece9800000) (1024K)]

Stack: [0x000000ece9700000,0x000000ece9800000]
Native frames: (J=compiled Java code, j=interpreted, Vv=VM code, C=native code)
V  [jvm.dll+0x6cdee9]
V  [jvm.dll+0x8a83d1]
V  [jvm.dll+0x8aa8fe]
V  [jvm.dll+0x8aafe3]
V  [jvm.dll+0x27f706]
V  [jvm.dll+0xbfb37]
V  [jvm.dll+0x3466a2]
V  [jvm.dll+0x34111e]
V  [jvm.dll+0x329a18]
V  [jvm.dll+0x36bca4]
V  [jvm.dll+0x8b0cff]
V  [jvm.dll+0x8b2084]
V  [jvm.dll+0x8b25c0]
V  [jvm.dll+0x8b2863]
V  [jvm.dll+0x851f8b]
V  [jvm.dll+0x6cc5ed]
C  [ucrtbase.dll+0x37b0]
C  [KERNEL32.DLL+0x2e8d7]
C  [ntdll.dll+0x8d9c]

VM_Operation (0x000000ece8dff460): G1CollectFull, mode: safepoint, requested by thread 0x000002b8ee85cf30


---------------  P R O C E S S  ---------------

Threads class SMR info:
_java_thread_list=0x000002b8eea66f60, length=19, elements={
0x000002b8e71d4e60, 0x000002b8e71d8630, 0x000002b8e71df890, 0x000002b8e71e1960,
0x000002b8e71e1ff0, 0x000002b8e71e2680, 0x000002b8e71f8d20, 0x000002b8e71e0c40,
0x000002b8e71df200, 0x000002b8e71dff20, 0x000002b8e71e05b0, 0x000002b8e71e12d0,
0x000002b8ec1dc870, 0x000002b8ed1abac0, 0x000002b8ed1aa080, 0x000002b8ee85c8a0,
0x000002b8ec1dc1e0, 0x000002b8ec1dd590, 0x000002b8ee85cf30
}

Java Threads: ( => current thread )
  0x000002b8e71d4e60 JavaThread "Reference Handler"          daemon [_thread_blocked, id=14072, stack(0x000000ece9800000,0x000000ece9900000) (1024K)]
  0x000002b8e71d8630 JavaThread "Finalizer"                  daemon [_thread_blocked, id=11916, stack(0x000000ece9900000,0x000000ece9a00000) (1024K)]
  0x000002b8e71df890 JavaThread "Signal Dispatcher"          daemon [_thread_blocked, id=11044, stack(0x000000ece9a00000,0x000000ece9b00000) (1024K)]
  0x000002b8e71e1960 JavaThread "Attach Listener"            daemon [_thread_blocked, id=4408, stack(0x000000ece9b00000,0x000000ece9c00000) (1024K)]
  0x000002b8e71e1ff0 JavaThread "Service Thread"             daemon [_thread_blocked, id=12856, stack(0x000000ece9c00000,0x000000ece9d00000) (1024K)]
  0x000002b8e71e2680 JavaThread "Monitor Deflation Thread"   daemon [_thread_blocked, id=11484, stack(0x000000ece9d00000,0x000000ece9e00000) (1024K)]
  0x000002b8e71f8d20 JavaThread "C1 CompilerThread0"         daemon [_thread_blocked, id=6300, stack(0x000000ece9e00000,0x000000ece9f00000) (1024K)]
  0x000002b8e71e0c40 JavaThread "Common-Cleaner"             daemon [_thread_blocked, id=6556, stack(0x000000ece9f00000,0x000000ecea000000) (1024K)]
  0x000002b8e71df200 JavaThread "Notification Thread"        daemon [_thread_blocked, id=14508, stack(0x000000ecea200000,0x000000ecea300000) (1024K)]
  0x000002b8e71dff20 JavaThread "RMI TCP Accept-0"           daemon [_thread_in_native, id=15496, stack(0x000000ecea400000,0x000000ecea500000) (1024K)]
  0x000002b8e71e05b0 JavaThread "RMI TCP Accept-52684"       daemon [_thread_in_native, id=4996, stack(0x000000ecea500000,0x000000ecea600000) (1024K)]
  0x000002b8e71e12d0 JavaThread "RMI TCP Accept-0"           daemon [_thread_in_native, id=16220, stack(0x000000ecea600000,0x000000ecea700000) (1024K)]
  0x000002b8ec1dc870 JavaThread "RMI Scheduler(0)"           daemon [_thread_blocked, id=9164, stack(0x000000ecea800000,0x000000ecea900000) (1024K)]
  0x000002b8ed1abac0 JavaThread "mysql-cj-abandoned-connection-cleanup" daemon [_thread_blocked, id=12468, stack(0x000000eceb800000,0x000000eceb900000) (1024K)]
  0x000002b8ed1aa080 JavaThread "Live Reload Server"         daemon [_thread_in_native, id=7724, stack(0x000000ecebe00000,0x000000ecebf00000) (1024K)]
  0x000002b8ee85c8a0 JavaThread "DestroyJavaVM"                     [_thread_blocked, id=9096, stack(0x000000ece9000000,0x000000ece9100000) (1024K)]
  0x000002b8ec1dc1e0 JavaThread "File Watcher"               daemon [_thread_blocked, id=12832, stack(0x000000ece8e00000,0x000000ece8f00000) (1024K)]
  0x000002b8ec1dd590 JavaThread "File Watcher"               daemon [_thread_blocked, id=18800, stack(0x000000ece8f00000,0x000000ece9000000) (1024K)]
  0x000002b8ee85cf30 JavaThread "Thread-21"                         [_thread_blocked, id=2792, stack(0x000000ece8d00000,0x000000ece8e00000) (1024K)]
Total: 19

Other Threads:
=>0x000002b8e71b82d0 VMThread "VM Thread"                           [id=18220, stack(0x000000ece9700000,0x000000ece9800000) (1024K)]
  0x000002b8e71a5c10 WatcherThread "VM Periodic Task Thread"        [id=4916, stack(0x000000ece9600000,0x000000ece9700000) (1024K)]
  0x000002b8dbc7e530 WorkerThread "GC Thread#0"                     [id=3840, stack(0x000000ece9100000,0x000000ece9200000) (1024K)]
  0x000002b8e71b8670 WorkerThread "GC Thread#1"                     [id=17060, stack(0x000000eceab00000,0x000000eceac00000) (1024K)]
  0x000002b8e71b9890 WorkerThread "GC Thread#2"                     [id=16684, stack(0x000000eceac00000,0x000000ecead00000) (1024K)]
  0x000002b8e71b9c30 WorkerThread "GC Thread#3"                     [id=17372, stack(0x000000ecead00000,0x000000eceae00000) (1024K)]
  0x000002b8e71b9150 WorkerThread "GC Thread#4"                     [id=18092, stack(0x000000eceae00000,0x000000eceaf00000) (1024K)]
  0x000002b8e71b94f0 WorkerThread "GC Thread#5"                     [id=14804, stack(0x000000eceaf00000,0x000000eceb000000) (1024K)]
  0x000002b8e71b8a10 WorkerThread "GC Thread#6"                     [id=18428, stack(0x000000eceb000000,0x000000eceb100000) (1024K)]
  0x000002b8e71b8db0 WorkerThread "GC Thread#7"                     [id=3476, stack(0x000000eceb100000,0x000000eceb200000) (1024K)]
  0x000002b8dbc8ecc0 ConcurrentGCThread "G1 Main Marker"            [id=9788, stack(0x000000ece9200000,0x000000ece9300000) (1024K)]
  0x000002b8dbc91750 WorkerThread "G1 Conc#0"                       [id=3304, stack(0x000000ece9300000,0x000000ece9400000) (1024K)]
  0x000002b8ec7c48d0 WorkerThread "G1 Conc#1"                       [id=10112, stack(0x000000eceb400000,0x000000eceb500000) (1024K)]
  0x000002b8e7078fe0 ConcurrentGCThread "G1 Refine#0"               [id=17112, stack(0x000000ece9400000,0x000000ece9500000) (1024K)]
  0x000002b8dbcdde10 ConcurrentGCThread "G1 Service"                [id=5480, stack(0x000000ece9500000,0x000000ece9600000) (1024K)]
Total: 15

Threads with active compile tasks:
Total: 0

VM state: at safepoint (normal execution)

VM Mutex/Monitor currently owned by a thread:  ([mutex/lock_event])
[0x00007ff9878fe380] Threads_lock - owner thread: 0x000002b8e71b82d0
[0x00007ff9878fe480] Heap_lock - owner thread: 0x000002b8ee85cf30

Heap address: 0x0000000083000000, size: 2000 MB, Compressed Oops mode: 32-bit

CDS archive(s) mapped at: [0x000002b880000000-0x000002b880c80000-0x000002b880c80000), size 13107200, SharedBaseAddress: 0x000002b880000000, ArchiveRelocationMode: 1.
Compressed class space mapped at: 0x000002b881000000-0x000002b8c1000000, reserved size: 1073741824
Narrow klass base: 0x000002b880000000, Narrow klass shift: 0, Narrow klass range: 0x100000000

GC Precious Log:
 CardTable entry size: 512
 Card Set container configuration: InlinePtr #cards 5 size 8 Array Of Cards #cards 12 size 40 Howl #buckets 4 coarsen threshold 1843 Howl Bitmap #cards 512 size 80 coarsen threshold 460 Card regions per heap region 1 cards per card region 2048
 CPUs: 8 total, 8 available
 Memory: 7998M
 Large Page Support: Disabled
 NUMA Support: Disabled
 Compressed Oops: Enabled (32-bit)
 Heap Region Size: 1M
 Heap Min Capacity: 8M
 Heap Initial Capacity: 126M
 Heap Max Capacity: 2000M
 Pre-touch: Disabled
 Parallel Workers: 8
 Concurrent Workers: 2
 Concurrent Refinement Workers: 8
 Periodic GC: Disabled

Heap:
 garbage-first heap   total 61440K, used 32421K [0x0000000083000000, 0x0000000100000000)
  region size 1024K, 4 young (4096K), 1 survivors (1024K)
 Metaspace       used 64262K, committed 64960K, reserved 1114112K
  class space    used 8986K, committed 9344K, reserved 1048576K

Heap Regions: E=young(eden), S=young(survivor), O=old, HS=humongous(starts), HC=humongous(continues), CS=collection set, F=free, TAMS=top-at-mark-start, PB=parsable bottom
|   0|0x0000000083000000, 0x0000000083100000, 0x0000000083100000|100%|HS|  |TAMS 0x0000000083000000| PB 0x0000000083000000| Complete 
|   1|0x0000000083100000, 0x0000000083200000, 0x0000000083200000|100%|HS|  |TAMS 0x0000000083100000| PB 0x0000000083100000| Complete 
|   2|0x0000000083200000, 0x00000000832ffff8, 0x0000000083300000| 99%| O|  |TAMS 0x0000000083200000| PB 0x0000000083200000| Untracked 
|   3|0x0000000083300000, 0x00000000833fffc8, 0x0000000083400000| 99%| O|  |TAMS 0x0000000083300000| PB 0x0000000083300000| Untracked 
|   4|0x0000000083400000, 0x00000000834fffe8, 0x0000000083500000| 99%| O|  |TAMS 0x0000000083400000| PB 0x0000000083400000| Untracked 
|   5|0x0000000083500000, 0x00000000835fffe0, 0x0000000083600000| 99%| O|  |TAMS 0x0000000083500000| PB 0x0000000083500000| Untracked 
|   6|0x0000000083600000, 0x0000000083700000, 0x0000000083700000|100%| O|  |TAMS 0x0000000083600000| PB 0x0000000083600000| Untracked 
|   7|0x0000000083700000, 0x0000000083800000, 0x0000000083800000|100%| O|  |TAMS 0x0000000083700000| PB 0x0000000083700000| Untracked 
|   8|0x0000000083800000, 0x00000000838fffe0, 0x0000000083900000| 99%| O|  |TAMS 0x0000000083800000| PB 0x0000000083800000| Untracked 
|   9|0x0000000083900000, 0x0000000083a00000, 0x0000000083a00000|100%| O|  |TAMS 0x0000000083900000| PB 0x0000000083900000| Untracked 
|  10|0x0000000083a00000, 0x0000000083afff98, 0x0000000083b00000| 99%| O|  |TAMS 0x0000000083a00000| PB 0x0000000083a00000| Untracked 
|  11|0x0000000083b00000, 0x0000000083bffff0, 0x0000000083c00000| 99%| O|  |TAMS 0x0000000083b00000| PB 0x0000000083b00000| Untracked 
|  12|0x0000000083c00000, 0x0000000083cffff0, 0x0000000083d00000| 99%| O|  |TAMS 0x0000000083c00000| PB 0x0000000083c00000| Untracked 
|  13|0x0000000083d00000, 0x0000000083e00000, 0x0000000083e00000|100%| O|  |TAMS 0x0000000083d00000| PB 0x0000000083d00000| Untracked 
|  14|0x0000000083e00000, 0x0000000083effff8, 0x0000000083f00000| 99%| O|  |TAMS 0x0000000083e00000| PB 0x0000000083e00000| Untracked 
|  15|0x0000000083f00000, 0x0000000083ffffc0, 0x0000000084000000| 99%| O|  |TAMS 0x0000000083f00000| PB 0x0000000083f00000| Untracked 
|  16|0x0000000084000000, 0x0000000084100000, 0x0000000084100000|100%| O|  |TAMS 0x0000000084000000| PB 0x0000000084000000| Untracked 
|  17|0x0000000084100000, 0x00000000841fffd0, 0x0000000084200000| 99%| O|  |TAMS 0x0000000084100000| PB 0x0000000084100000| Untracked 
|  18|0x0000000084200000, 0x00000000842ffff8, 0x0000000084300000| 99%| O|  |TAMS 0x0000000084200000| PB 0x0000000084200000| Untracked 
|  19|0x0000000084300000, 0x00000000843ffff0, 0x0000000084400000| 99%| O|  |TAMS 0x0000000084300000| PB 0x0000000084300000| Untracked 
|  20|0x0000000084400000, 0x00000000844fffc8, 0x0000000084500000| 99%| O|  |TAMS 0x0000000084400000| PB 0x0000000084400000| Untracked 
|  21|0x0000000084500000, 0x0000000084568170, 0x0000000084600000| 40%| O|  |TAMS 0x0000000084500000| PB 0x0000000084500000| Untracked 
|  22|0x0000000084600000, 0x00000000846c1f60, 0x0000000084700000| 75%| O|  |TAMS 0x0000000084600000| PB 0x0000000084600000| Untracked 
|  23|0x0000000084700000, 0x00000000847ffff8, 0x0000000084800000| 99%| O|  |TAMS 0x0000000084700000| PB 0x0000000084700000| Untracked 
|  24|0x0000000084800000, 0x00000000848c9d30, 0x0000000084900000| 78%| O|  |TAMS 0x0000000084800000| PB 0x0000000084800000| Untracked 
|  25|0x0000000084900000, 0x0000000084900000, 0x0000000084a00000|  0%| F|  |TAMS 0x0000000084900000| PB 0x0000000084900000| Untracked 
|  26|0x0000000084a00000, 0x0000000084b00000, 0x0000000084b00000|100%| O|  |TAMS 0x0000000084a00000| PB 0x0000000084a00000| Untracked 
|  27|0x0000000084b00000, 0x0000000084c00000, 0x0000000084c00000|100%| O|  |TAMS 0x0000000084b00000| PB 0x0000000084b00000| Untracked 
|  28|0x0000000084c00000, 0x0000000084c55310, 0x0000000084d00000| 33%| O|  |TAMS 0x0000000084c00000| PB 0x0000000084c00000| Untracked 
|  29|0x0000000084d00000, 0x0000000084e00000, 0x0000000084e00000|100%| O|  |TAMS 0x0000000084d00000| PB 0x0000000084d00000| Untracked 
|  30|0x0000000084e00000, 0x0000000084f00000, 0x0000000084f00000|100%| O|  |TAMS 0x0000000084e00000| PB 0x0000000084e00000| Untracked 
|  31|0x0000000084f00000, 0x0000000084f00000, 0x0000000085000000|  0%| F|  |TAMS 0x0000000084f00000| PB 0x0000000084f00000| Untracked 
|  32|0x0000000085000000, 0x0000000085064950, 0x0000000085100000| 39%| O|  |TAMS 0x0000000085000000| PB 0x0000000085000000| Untracked 
|  33|0x0000000085100000, 0x0000000085100000, 0x0000000085200000|  0%| F|  |TAMS 0x0000000085100000| PB 0x0000000085100000| Untracked 
|  34|0x0000000085200000, 0x0000000085200000, 0x0000000085300000|  0%| F|  |TAMS 0x0000000085200000| PB 0x0000000085200000| Untracked 
|  35|0x0000000085300000, 0x0000000085300000, 0x0000000085400000|  0%| F|  |TAMS 0x0000000085300000| PB 0x0000000085300000| Untracked 
|  36|0x0000000085400000, 0x0000000085400000, 0x0000000085500000|  0%| F|  |TAMS 0x0000000085400000| PB 0x0000000085400000| Untracked 
|  37|0x0000000085500000, 0x0000000085500000, 0x0000000085600000|  0%| F|  |TAMS 0x0000000085500000| PB 0x0000000085500000| Untracked 
|  38|0x0000000085600000, 0x00000000856fbe28, 0x0000000085700000| 98%| S|CS|TAMS 0x0000000085600000| PB 0x0000000085600000| Complete 
|  39|0x0000000085700000, 0x0000000085700000, 0x0000000085800000|  0%| F|  |TAMS 0x0000000085700000| PB 0x0000000085700000| Untracked 
|  40|0x0000000085800000, 0x0000000085800000, 0x0000000085900000|  0%| F|  |TAMS 0x0000000085800000| PB 0x0000000085800000| Untracked 
|  41|0x0000000085900000, 0x0000000085900000, 0x0000000085a00000|  0%| F|  |TAMS 0x0000000085900000| PB 0x0000000085900000| Untracked 
|  42|0x0000000085a00000, 0x0000000085a00000, 0x0000000085b00000|  0%| F|  |TAMS 0x0000000085a00000| PB 0x0000000085a00000| Untracked 
|  43|0x0000000085b00000, 0x0000000085b00000, 0x0000000085c00000|  0%| F|  |TAMS 0x0000000085b00000| PB 0x0000000085b00000| Untracked 
|  44|0x0000000085c00000, 0x0000000085c00000, 0x0000000085d00000|  0%| F|  |TAMS 0x0000000085c00000| PB 0x0000000085c00000| Untracked 
|  45|0x0000000085d00000, 0x0000000085d00000, 0x0000000085e00000|  0%| F|  |TAMS 0x0000000085d00000| PB 0x0000000085d00000| Untracked 
|  46|0x0000000085e00000, 0x0000000085e00000, 0x0000000085f00000|  0%| F|  |TAMS 0x0000000085e00000| PB 0x0000000085e00000| Untracked 
|  47|0x0000000085f00000, 0x0000000085f00000, 0x0000000086000000|  0%| F|  |TAMS 0x0000000085f00000| PB 0x0000000085f00000| Untracked 
|  48|0x0000000086000000, 0x0000000086000000, 0x0000000086100000|  0%| F|  |TAMS 0x0000000086000000| PB 0x0000000086000000| Untracked 
|  49|0x0000000086100000, 0x0000000086100000, 0x0000000086200000|  0%| F|  |TAMS 0x0000000086100000| PB 0x0000000086100000| Untracked 
|  50|0x0000000086200000, 0x0000000086200000, 0x0000000086300000|  0%| F|  |TAMS 0x0000000086200000| PB 0x0000000086200000| Untracked 
|  51|0x0000000086300000, 0x0000000086300000, 0x0000000086400000|  0%| F|  |TAMS 0x0000000086300000| PB 0x0000000086300000| Untracked 
|  75|0x0000000087b00000, 0x0000000087b00000, 0x0000000087c00000|  0%| F|  |TAMS 0x0000000087b00000| PB 0x0000000087b00000| Untracked 
|  76|0x0000000087c00000, 0x0000000087c00000, 0x0000000087d00000|  0%| F|  |TAMS 0x0000000087c00000| PB 0x0000000087c00000| Untracked 
|  77|0x0000000087d00000, 0x0000000087d00000, 0x0000000087e00000|  0%| F|  |TAMS 0x0000000087d00000| PB 0x0000000087d00000| Untracked 
|  78|0x0000000087e00000, 0x0000000087e00000, 0x0000000087f00000|  0%| F|  |TAMS 0x0000000087e00000| PB 0x0000000087e00000| Untracked 
|  79|0x0000000087f00000, 0x0000000087f00000, 0x0000000088000000|  0%| F|  |TAMS 0x0000000087f00000| PB 0x0000000087f00000| Untracked 
|  80|0x0000000088000000, 0x0000000088033838, 0x0000000088100000| 20%| E|  |TAMS 0x0000000088000000| PB 0x0000000088000000| Complete 
| 124|0x000000008ac00000, 0x000000008ad00000, 0x000000008ad00000|100%| E|CS|TAMS 0x000000008ac00000| PB 0x000000008ac00000| Complete 
| 125|0x000000008ad00000, 0x000000008ae00000, 0x000000008ae00000|100%| E|CS|TAMS 0x000000008ad00000| PB 0x000000008ad00000| Complete 

Card table byte_map: [0x000002b8e2ab0000,0x000002b8e2ea0000] _byte_map_base: 0x000002b8e2698000

Marking Bits: (CMBitMap*) 0x000002b8dbc7e9e0
 Bits: [0x000002b8e2ea0000, 0x000002b8e4de0000)

Polling page: 0x000002b8d9c90000

Metaspace:

Usage:
  Non-class:     53.98 MB used.
      Class:      8.78 MB used.
       Both:     62.76 MB used.

Virtual space:
  Non-class space:       64.00 MB reserved,      54.31 MB ( 85%) committed,  1 nodes.
      Class space:        1.00 GB reserved,       9.12 MB ( <1%) committed,  1 nodes.
             Both:        1.06 GB reserved,      63.44 MB (  6%) committed. 

Chunk freelists:
   Non-Class:  9.46 MB
       Class:  6.89 MB
        Both:  16.35 MB

MaxMetaspaceSize: unlimited
CompressedClassSpaceSize: 1.00 GB
Initial GC threshold: 21.00 MB
Current GC threshold: 105.56 MB
CDS: on
 - commit_granule_bytes: 65536.
 - commit_granule_words: 8192.
 - virtual_space_node_default_size: 8388608.
 - enlarge_chunks_in_place: 1.
 - use_allocation_guard: 0.


Internal statistics:

num_allocs_failed_limit: 9.
num_arena_births: 1370.
num_arena_deaths: 588.
num_vsnodes_births: 2.
num_vsnodes_deaths: 0.
num_space_committed: 1015.
num_space_uncommitted: 0.
num_chunks_returned_to_freelist: 712.
num_chunks_taken_from_freelist: 3805.
num_chunk_merges: 166.
num_chunk_splits: 2445.
num_chunks_enlarged: 1839.
num_inconsistent_stats: 0.

CodeCache: size=49152Kb used=12087Kb max_used=13681Kb free=37064Kb
 bounds [0x000002b8df5b0000, 0x000002b8e0380000, 0x000002b8e25b0000]
 total_blobs=6849 nmethods=6139 adapters=633
 compilation: enabled
              stopped_count=0, restarted_count=0
 full_count=0

Compilation events (20 events):
Event: 688.223 Thread 0x000002b8e71f8d20 8226       1       java.util.Comparator$$Lambda/0x000002b881178c38::compare (10 bytes)
Event: 688.224 Thread 0x000002b8e71f8d20 nmethod 8226 0x000002b8dffcf310 code [0x000002b8dffcf4e0, 0x000002b8dffcf6d0]
Event: 688.224 Thread 0x000002b8e71f8d20 8227       1       java.util.Comparator::lambda$comparingLong$6043328a$1 (18 bytes)
Event: 688.224 Thread 0x000002b8e71f8d20 nmethod 8227 0x000002b8e000cf10 code [0x000002b8e000d0e0, 0x000002b8e000d288]
Event: 688.224 Thread 0x000002b8e71f8d20 8230       1       org.apache.catalina.core.StandardPipeline::getFirst (17 bytes)
Event: 688.225 Thread 0x000002b8e71f8d20 nmethod 8230 0x000002b8dffea910 code [0x000002b8dffeaaa0, 0x000002b8dffeaba0]
Event: 698.230 Thread 0x000002b8e71f8d20 8231   !   1       org.apache.catalina.core.StandardContext::getLoader (38 bytes)
Event: 698.232 Thread 0x000002b8e71f8d20 nmethod 8231 0x000002b8dffc7c90 code [0x000002b8dffc7e80, 0x000002b8dffc8190]
Event: 760.043 Thread 0x000002b8e71f8d20 8232   !   1       org.springframework.context.event.AbstractApplicationEventMulticaster::supportsEvent (104 bytes)
Event: 760.046 Thread 0x000002b8e71f8d20 nmethod 8232 0x000002b8dfe44d10 code [0x000002b8dfe44f60, 0x000002b8dfe45430]
Event: 761.095 Thread 0x000002b8e71f8d20 8234   !   1       java.util.concurrent.locks.LockSupport::park (47 bytes)
Event: 761.097 Thread 0x000002b8e71f8d20 nmethod 8234 0x000002b8dfeff310 code [0x000002b8dfeff4e0, 0x000002b8dfeff7e8]
Event: 761.097 Thread 0x000002b8e71f8d20 8235       1       ch.qos.logback.core.ContextBase::getStatusManager (5 bytes)
Event: 761.098 Thread 0x000002b8e71f8d20 nmethod 8235 0x000002b8dffebc90 code [0x000002b8dffebe20, 0x000002b8dffebee8]
Event: 761.102 Thread 0x000002b8e71f8d20 8236       1       ch.qos.logback.core.pattern.PatternLayoutBase::writeLoopOnConverters (39 bytes)
Event: 761.103 Thread 0x000002b8e71f8d20 nmethod 8236 0x000002b8e0058610 code [0x000002b8e00587e0, 0x000002b8e0058a58]
Event: 761.111 Thread 0x000002b8e71f8d20 8237       1       java.io.FileDescriptor$1::get (5 bytes)
Event: 761.111 Thread 0x000002b8e71f8d20 nmethod 8237 0x000002b8dffeec90 code [0x000002b8dffeee20, 0x000002b8dffeeef0]
Event: 761.123 Thread 0x000002b8e71f8d20 8238       1       org.apache.tomcat.util.collections.ManagedConcurrentWeakHashMap$Key::<init> (15 bytes)
Event: 761.124 Thread 0x000002b8e71f8d20 nmethod 8238 0x000002b8e0026210 code [0x000002b8e00263c0, 0x000002b8e0026590]

GC Heap History (20 events):
Event: 223.672 GC heap after
{Heap after GC invocations=22 (full 1):
 garbage-first heap   total 61440K, used 30869K [0x0000000083000000, 0x0000000100000000)
  region size 1024K, 4 young (4096K), 4 survivors (4096K)
 Metaspace       used 63657K, committed 64448K, reserved 1114112K
  class space    used 8928K, committed 9280K, reserved 1048576K
}
Event: 224.112 GC heap before
{Heap before GC invocations=23 (full 1):
 garbage-first heap   total 61440K, used 51349K [0x0000000083000000, 0x0000000100000000)
  region size 1024K, 25 young (25600K), 4 survivors (4096K)
 Metaspace       used 63825K, committed 64512K, reserved 1114112K
  class space    used 8941K, committed 9280K, reserved 1048576K
}
Event: 224.118 GC heap after
{Heap after GC invocations=24 (full 1):
 garbage-first heap   total 61440K, used 32979K [0x0000000083000000, 0x0000000100000000)
  region size 1024K, 4 young (4096K), 4 survivors (4096K)
 Metaspace       used 63825K, committed 64512K, reserved 1114112K
  class space    used 8941K, committed 9280K, reserved 1048576K
}
Event: 353.365 GC heap before
{Heap before GC invocations=24 (full 1):
 garbage-first heap   total 61440K, used 52435K [0x0000000083000000, 0x0000000100000000)
  region size 1024K, 23 young (23552K), 4 survivors (4096K)
 Metaspace       used 63832K, committed 64512K, reserved 1114112K
  class space    used 8943K, committed 9280K, reserved 1048576K
}
Event: 353.388 GC heap after
{Heap after GC invocations=25 (full 1):
 garbage-first heap   total 61440K, used 34119K [0x0000000083000000, 0x0000000100000000)
  region size 1024K, 2 young (2048K), 2 survivors (2048K)
 Metaspace       used 63832K, committed 64512K, reserved 1114112K
  class space    used 8943K, committed 9280K, reserved 1048576K
}
Event: 437.464 GC heap before
{Heap before GC invocations=25 (full 1):
 garbage-first heap   total 61440K, used 38215K [0x0000000083000000, 0x0000000100000000)
  region size 1024K, 7 young (7168K), 2 survivors (2048K)
 Metaspace       used 63836K, committed 64512K, reserved 1114112K
  class space    used 8944K, committed 9280K, reserved 1048576K
}
Event: 437.560 GC heap after
{Heap after GC invocations=26 (full 2):
 garbage-first heap   total 61440K, used 21591K [0x0000000083000000, 0x0000000100000000)
  region size 1024K, 0 young (0K), 0 survivors (0K)
 Metaspace       used 63741K, committed 64512K, reserved 1114112K
  class space    used 8919K, committed 9280K, reserved 1048576K
}
Event: 438.163 GC heap before
{Heap before GC invocations=26 (full 2):
 garbage-first heap   total 61440K, used 49239K [0x0000000083000000, 0x0000000100000000)
  region size 1024K, 28 young (28672K), 0 survivors (0K)
 Metaspace       used 63834K, committed 64512K, reserved 1114112K
  class space    used 8939K, committed 9280K, reserved 1048576K
}
Event: 438.168 GC heap after
{Heap after GC invocations=27 (full 2):
 garbage-first heap   total 61440K, used 25466K [0x0000000083000000, 0x0000000100000000)
  region size 1024K, 4 young (4096K), 4 survivors (4096K)
 Metaspace       used 63834K, committed 64512K, reserved 1114112K
  class space    used 8939K, committed 9280K, reserved 1048576K
}
Event: 438.737 GC heap before
{Heap before GC invocations=28 (full 2):
 garbage-first heap   total 61440K, used 50042K [0x0000000083000000, 0x0000000100000000)
  region size 1024K, 29 young (29696K), 4 survivors (4096K)
 Metaspace       used 64094K, committed 64832K, reserved 1114112K
  class space    used 8977K, committed 9344K, reserved 1048576K
}
Event: 438.746 GC heap after
{Heap after GC invocations=29 (full 2):
 garbage-first heap   total 61440K, used 28643K [0x0000000083000000, 0x0000000100000000)
  region size 1024K, 4 young (4096K), 4 survivors (4096K)
 Metaspace       used 64094K, committed 64832K, reserved 1114112K
  class space    used 8977K, committed 9344K, reserved 1048576K
}
Event: 466.930 GC heap before
{Heap before GC invocations=29 (full 2):
 garbage-first heap   total 61440K, used 39907K [0x0000000083000000, 0x0000000100000000)
  region size 1024K, 16 young (16384K), 4 survivors (4096K)
 Metaspace       used 64124K, committed 64832K, reserved 1114112K
  class space    used 8984K, committed 9344K, reserved 1048576K
}
Event: 467.070 GC heap after
{Heap after GC invocations=30 (full 3):
 garbage-first heap   total 61440K, used 24997K [0x0000000083000000, 0x0000000100000000)
  region size 1024K, 0 young (0K), 0 survivors (0K)
 Metaspace       used 64058K, committed 64832K, reserved 1114112K
  class space    used 8968K, committed 9344K, reserved 1048576K
}
Event: 467.876 GC heap before
{Heap before GC invocations=30 (full 3):
 garbage-first heap   total 61440K, used 49573K [0x0000000083000000, 0x0000000100000000)
  region size 1024K, 25 young (25600K), 0 survivors (0K)
 Metaspace       used 64101K, committed 64832K, reserved 1114112K
  class space    used 8975K, committed 9344K, reserved 1048576K
}
Event: 467.881 GC heap after
{Heap after GC invocations=31 (full 3):
 garbage-first heap   total 61440K, used 27682K [0x0000000083000000, 0x0000000100000000)
  region size 1024K, 3 young (3072K), 3 survivors (3072K)
 Metaspace       used 64101K, committed 64832K, reserved 1114112K
  class space    used 8975K, committed 9344K, reserved 1048576K
}
Event: 468.397 GC heap before
{Heap before GC invocations=32 (full 3):
 garbage-first heap   total 61440K, used 50210K [0x0000000083000000, 0x0000000100000000)
  region size 1024K, 26 young (26624K), 3 survivors (3072K)
 Metaspace       used 64257K, committed 64960K, reserved 1114112K
  class space    used 8985K, committed 9344K, reserved 1048576K
}
Event: 468.404 GC heap after
{Heap after GC invocations=33 (full 3):
 garbage-first heap   total 61440K, used 29752K [0x0000000083000000, 0x0000000100000000)
  region size 1024K, 3 young (3072K), 3 survivors (3072K)
 Metaspace       used 64257K, committed 64960K, reserved 1114112K
  class space    used 8985K, committed 9344K, reserved 1048576K
}
Event: 732.528 GC heap before
{Heap before GC invocations=33 (full 3):
 garbage-first heap   total 61440K, used 51256K [0x0000000083000000, 0x0000000100000000)
  region size 1024K, 24 young (24576K), 3 survivors (3072K)
 Metaspace       used 64259K, committed 64960K, reserved 1114112K
  class space    used 8985K, committed 9344K, reserved 1048576K
}
Event: 732.532 GC heap after
{Heap after GC invocations=34 (full 3):
 garbage-first heap   total 61440K, used 30373K [0x0000000083000000, 0x0000000100000000)
  region size 1024K, 1 young (1024K), 1 survivors (1024K)
 Metaspace       used 64259K, committed 64960K, reserved 1114112K
  class space    used 8985K, committed 9344K, reserved 1048576K
}
Event: 761.134 GC heap before
{Heap before GC invocations=34 (full 3):
 garbage-first heap   total 61440K, used 32421K [0x0000000083000000, 0x0000000100000000)
  region size 1024K, 4 young (4096K), 1 survivors (1024K)
 Metaspace       used 64262K, committed 64960K, reserved 1114112K
  class space    used 8986K, committed 9344K, reserved 1048576K
}

Dll operation events (11 events):
Event: 0.027 Loaded shared library C:\Users\HP\OneDrive\Desktop\FSAD\sts-4.29.0.RELEASE\plugins\org.eclipse.justj.openjdk.hotspot.jre.full.win32.x86_64_21.0.6.v20250130-0529\jre\bin\java.dll
Event: 0.117 Loaded shared library C:\Users\HP\OneDrive\Desktop\FSAD\sts-4.29.0.RELEASE\plugins\org.eclipse.justj.openjdk.hotspot.jre.full.win32.x86_64_21.0.6.v20250130-0529\jre\bin\zip.dll
Event: 0.304 Loaded shared library C:\Users\HP\OneDrive\Desktop\FSAD\sts-4.29.0.RELEASE\plugins\org.eclipse.justj.openjdk.hotspot.jre.full.win32.x86_64_21.0.6.v20250130-0529\jre\bin\jimage.dll
Event: 0.322 Loaded shared library C:\Users\HP\OneDrive\Desktop\FSAD\sts-4.29.0.RELEASE\plugins\org.eclipse.justj.openjdk.hotspot.jre.full.win32.x86_64_21.0.6.v20250130-0529\jre\bin\net.dll
Event: 0.329 Loaded shared library C:\Users\HP\OneDrive\Desktop\FSAD\sts-4.29.0.RELEASE\plugins\org.eclipse.justj.openjdk.hotspot.jre.full.win32.x86_64_21.0.6.v20250130-0529\jre\bin\nio.dll
Event: 0.337 Loaded shared library C:\Users\HP\OneDrive\Desktop\FSAD\sts-4.29.0.RELEASE\plugins\org.eclipse.justj.openjdk.hotspot.jre.full.win32.x86_64_21.0.6.v20250130-0529\jre\bin\zip.dll
Event: 0.557 Loaded shared library C:\Users\HP\OneDrive\Desktop\FSAD\sts-4.29.0.RELEASE\plugins\org.eclipse.justj.openjdk.hotspot.jre.full.win32.x86_64_21.0.6.v20250130-0529\jre\bin\management.dll
Event: 0.616 Loaded shared library C:\Users\HP\OneDrive\Desktop\FSAD\sts-4.29.0.RELEASE\plugins\org.eclipse.justj.openjdk.hotspot.jre.full.win32.x86_64_21.0.6.v20250130-0529\jre\bin\management_ext.dll
Event: 1.328 Loaded shared library C:\Users\HP\OneDrive\Desktop\FSAD\sts-4.29.0.RELEASE\plugins\org.eclipse.justj.openjdk.hotspot.jre.full.win32.x86_64_21.0.6.v20250130-0529\jre\bin\extnet.dll
Event: 4.261 Loaded shared library C:\Users\HP\OneDrive\Desktop\FSAD\sts-4.29.0.RELEASE\plugins\org.eclipse.justj.openjdk.hotspot.jre.full.win32.x86_64_21.0.6.v20250130-0529\jre\bin\sunmscapi.dll
Event: 8.023 Loaded shared library C:\Users\HP\OneDrive\Desktop\FSAD\sts-4.29.0.RELEASE\plugins\org.eclipse.justj.openjdk.hotspot.jre.full.win32.x86_64_21.0.6.v20250130-0529\jre\bin\verify.dll

Deoptimization events (0 events):
No events

Classes loaded (20 events):
Event: 201.615 Loading class sun/security/ssl/Alert$Level
Event: 201.615 Loading class sun/security/ssl/Alert$Level done
Event: 201.616 Loading class sun/net/ConnectionResetException
Event: 201.617 Loading class sun/net/ConnectionResetException done
Event: 201.641 Loading class java/util/WeakHashMap$KeyIterator
Event: 201.641 Loading class java/util/WeakHashMap$HashIterator
Event: 201.641 Loading class java/util/WeakHashMap$HashIterator done
Event: 201.641 Loading class java/util/WeakHashMap$KeyIterator done
Event: 201.711 Loading class java/lang/ref/Finalizer$2
Event: 201.712 Loading class java/lang/ref/Finalizer$2 done
Event: 201.712 Loading class java/lang/ref/Finalizer$1
Event: 201.712 Loading class java/lang/ref/Finalizer$1 done
Event: 209.241 Loading class java/util/WeakHashMap$EntrySet
Event: 209.241 Loading class java/util/WeakHashMap$EntrySet done
Event: 209.241 Loading class java/util/WeakHashMap$EntryIterator
Event: 209.241 Loading class java/util/WeakHashMap$EntryIterator done
Event: 224.132 Loading class java/time/DurationEditor
Event: 224.132 Loading class java/time/DurationEditor done
Event: 438.639 Loading class java/time/DurationEditor
Event: 438.639 Loading class java/time/DurationEditor done

Classes unloaded (20 events):
Event: 466.972 Thread 0x000002b8e71b82d0 Unloading class 0x000002b8818a5800 'java/lang/invoke/LambdaForm$MH+0x000002b8818a5800'
Event: 466.972 Thread 0x000002b8e71b82d0 Unloading class 0x000002b8818a5400 'java/lang/invoke/LambdaForm$MH+0x000002b8818a5400'
Event: 466.972 Thread 0x000002b8e71b82d0 Unloading class 0x000002b8818a4400 'java/lang/invoke/LambdaForm$MH+0x000002b8818a4400'
Event: 466.972 Thread 0x000002b8e71b82d0 Unloading class 0x000002b88189c400 'java/lang/invoke/LambdaForm$MH+0x000002b88189c400'
Event: 466.972 Thread 0x000002b8e71b82d0 Unloading class 0x000002b881451400 'java/lang/invoke/LambdaForm$MH+0x000002b881451400'
Event: 466.972 Thread 0x000002b8e71b82d0 Unloading class 0x000002b881450c00 'java/lang/invoke/LambdaForm$MH+0x000002b881450c00'
Event: 466.972 Thread 0x000002b8e71b82d0 Unloading class 0x000002b881441c00 'java/lang/invoke/LambdaForm$MH+0x000002b881441c00'
Event: 466.972 Thread 0x000002b8e71b82d0 Unloading class 0x000002b881441800 'java/lang/invoke/LambdaForm$MH+0x000002b881441800'
Event: 466.972 Thread 0x000002b8e71b82d0 Unloading class 0x000002b88143d400 'java/lang/invoke/LambdaForm$MH+0x000002b88143d400'
Event: 466.972 Thread 0x000002b8e71b82d0 Unloading class 0x000002b88143c800 'java/lang/invoke/LambdaForm$MH+0x000002b88143c800'
Event: 466.972 Thread 0x000002b8e71b82d0 Unloading class 0x000002b881432400 'java/lang/invoke/LambdaForm$MH+0x000002b881432400'
Event: 466.972 Thread 0x000002b8e71b82d0 Unloading class 0x000002b8813f4c00 'java/lang/invoke/LambdaForm$MH+0x000002b8813f4c00'
Event: 466.972 Thread 0x000002b8e71b82d0 Unloading class 0x000002b8813d1400 'java/lang/invoke/LambdaForm$MH+0x000002b8813d1400'
Event: 466.972 Thread 0x000002b8e71b82d0 Unloading class 0x000002b8813d0c00 'java/lang/invoke/LambdaForm$MH+0x000002b8813d0c00'
Event: 466.972 Thread 0x000002b8e71b82d0 Unloading class 0x000002b8813c0c00 'java/lang/invoke/LambdaForm$MH+0x000002b8813c0c00'
Event: 466.972 Thread 0x000002b8e71b82d0 Unloading class 0x000002b8813c0400 'java/lang/invoke/LambdaForm$MH+0x000002b8813c0400'
Event: 466.972 Thread 0x000002b8e71b82d0 Unloading class 0x000002b88139c400 'java/lang/invoke/LambdaForm$MH+0x000002b88139c400'
Event: 466.972 Thread 0x000002b8e71b82d0 Unloading class 0x000002b88119c800 'java/lang/invoke/LambdaForm$MH+0x000002b88119c800'
Event: 466.972 Thread 0x000002b8e71b82d0 Unloading class 0x000002b8810c2000 'java/lang/invoke/LambdaForm$MH+0x000002b8810c2000'
Event: 466.972 Thread 0x000002b8e71b82d0 Unloading class 0x000002b881000400 'java/lang/invoke/LambdaForm$MH+0x000002b881000400'

Classes redefined (0 events):
No events

Internal exceptions (20 events):
Event: 468.562 Thread 0x000002b8ec1de2b0 Exception <a 'java/io/IOException'{0x0000000087cdaf70}> (0x0000000087cdaf70) 
thrown [s\src\hotspot\share\prims\jni.cpp, line 520]
Event: 468.563 Thread 0x000002b8ec1de2b0 Exception <a 'java/io/IOException'{0x0000000087cdb538}> (0x0000000087cdb538) 
thrown [s\src\hotspot\share\prims\jni.cpp, line 520]
Event: 468.563 Thread 0x000002b8ec1de2b0 Exception <a 'java/io/IOException'{0x0000000087b8be30}> (0x0000000087b8be30) 
thrown [s\src\hotspot\share\prims\jni.cpp, line 520]
Event: 468.563 Thread 0x000002b8ec1de2b0 Exception <a 'java/io/IOException'{0x0000000087b8c148}> (0x0000000087b8c148) 
thrown [s\src\hotspot\share\prims\jni.cpp, line 520]
Event: 760.040 Thread 0x000002b8ee85b4f0 Exception <a 'java/io/IOException'{0x000000008ac6fc18}> (0x000000008ac6fc18) 
thrown [s\src\hotspot\share\prims\jni.cpp, line 520]
Event: 760.040 Thread 0x000002b8ee85b4f0 Exception <a 'java/io/IOException'{0x000000008ac701e0}> (0x000000008ac701e0) 
thrown [s\src\hotspot\share\prims\jni.cpp, line 520]
Event: 760.046 Thread 0x000002b8ee85cf30 Exception <a 'java/io/IOException'{0x000000008ac75590}> (0x000000008ac75590) 
thrown [s\src\hotspot\share\prims\jni.cpp, line 520]
Event: 760.047 Thread 0x000002b8ee85cf30 Exception <a 'java/io/IOException'{0x000000008ac75b58}> (0x000000008ac75b58) 
thrown [s\src\hotspot\share\prims\jni.cpp, line 520]
Event: 761.092 Thread 0x000002b8ee85b4f0 Exception <a 'java/io/IOException'{0x000000008ac7e948}> (0x000000008ac7e948) 
thrown [s\src\hotspot\share\prims\jni.cpp, line 520]
Event: 761.092 Thread 0x000002b8ee85b4f0 Exception <a 'java/io/IOException'{0x000000008ac7ec60}> (0x000000008ac7ec60) 
thrown [s\src\hotspot\share\prims\jni.cpp, line 520]
Event: 761.100 Thread 0x000002b8ee85cf30 Exception <a 'java/io/IOException'{0x000000008ace99f0}> (0x000000008ace99f0) 
thrown [s\src\hotspot\share\prims\jni.cpp, line 520]
Event: 761.100 Thread 0x000002b8ee85cf30 Exception <a 'java/io/IOException'{0x000000008ace9fb8}> (0x000000008ace9fb8) 
thrown [s\src\hotspot\share\prims\jni.cpp, line 520]
Event: 761.102 Thread 0x000002b8ee85cf30 Exception <a 'java/io/IOException'{0x000000008acf45e0}> (0x000000008acf45e0) 
thrown [s\src\hotspot\share\prims\jni.cpp, line 520]
Event: 761.102 Thread 0x000002b8ee85cf30 Exception <a 'java/io/IOException'{0x000000008acf4ba8}> (0x000000008acf4ba8) 
thrown [s\src\hotspot\share\prims\jni.cpp, line 520]
Event: 761.108 Thread 0x000002b8ee859ab0 Exception <a 'java/io/IOException'{0x000000008acf8588}> (0x000000008acf8588) 
thrown [s\src\hotspot\share\prims\jni.cpp, line 520]
Event: 761.113 Thread 0x000002b8ee859ab0 Exception <a 'java/net/SocketException'{0x000000008acfcce8}: Connection reset by peer: shutdown> (0x000000008acfcce8) 
thrown [s\src\hotspot\share\prims\jni.cpp, line 539]
Event: 761.117 Thread 0x000002b8ee859ab0 Exception <a 'java/net/SocketException'{0x0000000088002160}: Connection reset by peer: shutdown> (0x0000000088002160) 
thrown [s\src\hotspot\share\prims\jni.cpp, line 539]
Event: 761.120 Thread 0x000002b8ee85cf30 Exception <a 'java/io/IOException'{0x000000008acffd00}> (0x000000008acffd00) 
thrown [s\src\hotspot\share\prims\jni.cpp, line 520]
Event: 761.121 Thread 0x000002b8ee85cf30 Exception <a 'java/io/IOException'{0x0000000088008db0}> (0x0000000088008db0) 
thrown [s\src\hotspot\share\prims\jni.cpp, line 520]
Event: 761.133 Thread 0x000002b8ec1ddc20 Exception <a 'java/lang/InterruptedException'{0x0000000088022b40}: sleep interrupted> (0x0000000088022b40) 
thrown [s\src\hotspot\share\prims\jvm.cpp, line 3074]

ZGC Phase Switch (0 events):
No events

VM Operations (20 events):
Event: 467.070 Executing VM operation: G1CollectFull (System.gc()) done
Event: 467.876 Executing VM operation: G1CollectForAllocation (G1 Evacuation Pause)
Event: 467.881 Executing VM operation: G1CollectForAllocation (G1 Evacuation Pause) done
Event: 467.926 Executing VM operation: G1PauseRemark
Event: 467.937 Executing VM operation: G1PauseRemark done
Event: 467.956 Executing VM operation: G1PauseCleanup
Event: 467.956 Executing VM operation: G1PauseCleanup done
Event: 468.397 Executing VM operation: G1CollectForAllocation (G1 Evacuation Pause)
Event: 468.404 Executing VM operation: G1CollectForAllocation (G1 Evacuation Pause) done
Event: 470.406 Executing VM operation: Cleanup
Event: 470.406 Executing VM operation: Cleanup done
Event: 481.378 Executing VM operation: HandshakeAllThreads (HandshakeForDeflation)
Event: 481.378 Executing VM operation: HandshakeAllThreads (HandshakeForDeflation) done
Event: 481.378 Executing VM operation: RendezvousGCThreads
Event: 481.378 Executing VM operation: RendezvousGCThreads done
Event: 699.221 Executing VM operation: Cleanup
Event: 699.221 Executing VM operation: Cleanup done
Event: 732.528 Executing VM operation: G1CollectForAllocation (G1 Evacuation Pause)
Event: 732.532 Executing VM operation: G1CollectForAllocation (G1 Evacuation Pause) done
Event: 761.134 Executing VM operation: G1CollectFull (System.gc())

Memory protections (0 events):
No events

Nmethod flushes (20 events):
Event: 467.936 Thread 0x000002b8e71b82d0 flushing  nmethod 0x000002b8dfbd9e90
Event: 467.936 Thread 0x000002b8e71b82d0 flushing  nmethod 0x000002b8dfbe4790
Event: 467.936 Thread 0x000002b8e71b82d0 flushing  nmethod 0x000002b8dfbf1f10
Event: 467.936 Thread 0x000002b8e71b82d0 flushing  nmethod 0x000002b8dfbf8010
Event: 467.936 Thread 0x000002b8e71b82d0 flushing  nmethod 0x000002b8dfc10310
Event: 467.936 Thread 0x000002b8e71b82d0 flushing  nmethod 0x000002b8dfcbde10
Event: 467.936 Thread 0x000002b8e71b82d0 flushing  nmethod 0x000002b8dfd45f10
Event: 467.936 Thread 0x000002b8e71b82d0 flushing  nmethod 0x000002b8dfd47c10
Event: 467.936 Thread 0x000002b8e71b82d0 flushing  nmethod 0x000002b8dfd89d10
Event: 467.936 Thread 0x000002b8e71b82d0 flushing  nmethod 0x000002b8dfdc2d10
Event: 467.936 Thread 0x000002b8e71b82d0 flushing  nmethod 0x000002b8dfdfab10
Event: 467.936 Thread 0x000002b8e71b82d0 flushing  nmethod 0x000002b8dfe44d10
Event: 467.936 Thread 0x000002b8e71b82d0 flushing  nmethod 0x000002b8dfe45990
Event: 467.936 Thread 0x000002b8e71b82d0 flushing  nmethod 0x000002b8dfe48a10
Event: 467.936 Thread 0x000002b8e71b82d0 flushing  nmethod 0x000002b8dff0ed90
Event: 467.936 Thread 0x000002b8e71b82d0 flushing  nmethod 0x000002b8e0058610
Event: 467.936 Thread 0x000002b8e71b82d0 flushing  nmethod 0x000002b8e005b090
Event: 467.936 Thread 0x000002b8e71b82d0 flushing  nmethod 0x000002b8e0081610
Event: 467.936 Thread 0x000002b8e71b82d0 flushing  nmethod 0x000002b8e0129910
Event: 467.936 Thread 0x000002b8e71b82d0 flushing  nmethod 0x000002b8e0196010

Events (20 events):
Event: 760.047 Thread 0x000002b8ee85cf30 Thread added: 0x000002b8ee85b4f0
Event: 760.084 Thread 0x000002b8ee85d5c0 Thread exited: 0x000002b8ee85d5c0
Event: 761.092 Thread 0x000002b8ee85b4f0 Thread exited: 0x000002b8ee85b4f0
Event: 761.093 Thread 0x000002b8ee85f000 Thread exited: 0x000002b8ee85f000
Event: 761.095 Thread 0x000002b8ee858700 Thread exited: 0x000002b8ee858700
Event: 761.095 Thread 0x000002b8ee85a140 Thread exited: 0x000002b8ee85a140
Event: 761.095 Thread 0x000002b8ee85e2e0 Thread exited: 0x000002b8ee85e2e0
Event: 761.095 Thread 0x000002b8ee859420 Thread exited: 0x000002b8ee859420
Event: 761.096 Thread 0x000002b8ee858070 Thread exited: 0x000002b8ee858070
Event: 761.096 Thread 0x000002b8ee858d90 Thread exited: 0x000002b8ee858d90
Event: 761.096 Thread 0x000002b8ee85c210 Thread exited: 0x000002b8ee85c210
Event: 761.096 Thread 0x000002b8ee85e970 Thread exited: 0x000002b8ee85e970
Event: 761.096 Thread 0x000002b8ee859ab0 Thread exited: 0x000002b8ee859ab0
Event: 761.096 Thread 0x000002b8ee85bb80 Thread exited: 0x000002b8ee85bb80
Event: 761.103 Thread 0x000002b8ee85cf30 Thread added: 0x000002b8ee859ab0
Event: 761.104 Thread 0x000002b8ec1de940 Thread exited: 0x000002b8ec1de940
Event: 761.120 Thread 0x000002b8ee859ab0 Thread exited: 0x000002b8ee859ab0
Event: 761.133 Thread 0x000002b8ec1df660 Thread exited: 0x000002b8ec1df660
Event: 761.133 Thread 0x000002b8ec1dcf00 Thread exited: 0x000002b8ec1dcf00
Event: 761.133 Thread 0x000002b8ec1ddc20 Thread exited: 0x000002b8ec1ddc20


Dynamic libraries:
0x00007ff61d8a0000 - 0x00007ff61d8ae000 	C:\Users\HP\OneDrive\Desktop\FSAD\sts-4.29.0.RELEASE\plugins\org.eclipse.justj.openjdk.hotspot.jre.full.win32.x86_64_21.0.6.v20250130-0529\jre\bin\javaw.exe
0x00007ffa2c600000 - 0x00007ffa2c869000 	C:\WINDOWS\SYSTEM32\ntdll.dll
0x00007ffa2b570000 - 0x00007ffa2b639000 	C:\WINDOWS\System32\KERNEL32.DLL
0x00007ffa29a40000 - 0x00007ffa29e33000 	C:\WINDOWS\System32\KERNELBASE.dll
0x00007ffa29fb0000 - 0x00007ffa2a0fb000 	C:\WINDOWS\System32\ucrtbase.dll
0x00007ffa15eb0000 - 0x00007ffa15ec8000 	C:\Users\HP\OneDrive\Desktop\FSAD\sts-4.29.0.RELEASE\plugins\org.eclipse.justj.openjdk.hotspot.jre.full.win32.x86_64_21.0.6.v20250130-0529\jre\bin\jli.dll
0x00007ffa15e90000 - 0x00007ffa15eae000 	C:\Users\HP\OneDrive\Desktop\FSAD\sts-4.29.0.RELEASE\plugins\org.eclipse.justj.openjdk.hotspot.jre.full.win32.x86_64_21.0.6.v20250130-0529\jre\bin\VCRUNTIME140.dll
0x00007ffa2aa90000 - 0x00007ffa2ac54000 	C:\WINDOWS\System32\USER32.dll
0x00007ffa0e3d0000 - 0x00007ffa0e663000 	C:\WINDOWS\WinSxS\amd64_microsoft.windows.common-controls_6595b64144ccf1df_6.0.26100.5074_none_3e0d6f78e32fd63f\COMCTL32.dll
0x00007ffa29790000 - 0x00007ffa297b7000 	C:\WINDOWS\System32\win32u.dll
0x00007ffa2b6c0000 - 0x00007ffa2b769000 	C:\WINDOWS\System32\msvcrt.dll
0x00007ffa2c330000 - 0x00007ffa2c35b000 	C:\WINDOWS\System32\GDI32.dll
0x00007ffa29880000 - 0x00007ffa299ad000 	C:\WINDOWS\System32\gdi32full.dll
0x00007ffa2a100000 - 0x00007ffa2a1a3000 	C:\WINDOWS\System32\msvcp_win.dll
0x00007ffa2c2f0000 - 0x00007ffa2c31f000 	C:\WINDOWS\System32\IMM32.DLL
0x00007ffa21900000 - 0x00007ffa2190c000 	C:\Users\HP\OneDrive\Desktop\FSAD\sts-4.29.0.RELEASE\plugins\org.eclipse.justj.openjdk.hotspot.jre.full.win32.x86_64_21.0.6.v20250130-0529\jre\bin\vcruntime140_1.dll
0x00007ff9fe0b0000 - 0x00007ff9fe13d000 	C:\Users\HP\OneDrive\Desktop\FSAD\sts-4.29.0.RELEASE\plugins\org.eclipse.justj.openjdk.hotspot.jre.full.win32.x86_64_21.0.6.v20250130-0529\jre\bin\msvcp140.dll
0x00007ff986c50000 - 0x00007ff9879e0000 	C:\Users\HP\OneDrive\Desktop\FSAD\sts-4.29.0.RELEASE\plugins\org.eclipse.justj.openjdk.hotspot.jre.full.win32.x86_64_21.0.6.v20250130-0529\jre\bin\server\jvm.dll
0x00007ffa2a840000 - 0x00007ffa2a8f4000 	C:\WINDOWS\System32\ADVAPI32.dll
0x00007ffa2c240000 - 0x00007ffa2c2e6000 	C:\WINDOWS\System32\sechost.dll
0x00007ffa2a720000 - 0x00007ffa2a838000 	C:\WINDOWS\System32\RPCRT4.dll
0x00007ffa2c1c0000 - 0x00007ffa2c234000 	C:\WINDOWS\System32\WS2_32.dll
0x00007ffa295f0000 - 0x00007ffa2964e000 	C:\WINDOWS\SYSTEM32\POWRPROF.dll
0x00007ffa11ba0000 - 0x00007ffa11bd5000 	C:\WINDOWS\SYSTEM32\WINMM.dll
0x00007ffa1b560000 - 0x00007ffa1b56b000 	C:\WINDOWS\SYSTEM32\VERSION.dll
0x00007ffa295d0000 - 0x00007ffa295e4000 	C:\WINDOWS\SYSTEM32\UMPDC.dll
0x00007ffa28530000 - 0x00007ffa2854b000 	C:\WINDOWS\SYSTEM32\kernel.appcore.dll
0x00007ffa21a70000 - 0x00007ffa21a7a000 	C:\Users\HP\OneDrive\Desktop\FSAD\sts-4.29.0.RELEASE\plugins\org.eclipse.justj.openjdk.hotspot.jre.full.win32.x86_64_21.0.6.v20250130-0529\jre\bin\jimage.dll
0x00007ffa26fe0000 - 0x00007ffa27222000 	C:\WINDOWS\SYSTEM32\DBGHELP.DLL
0x00007ffa2b1f0000 - 0x00007ffa2b56b000 	C:\WINDOWS\System32\combase.dll
0x00007ffa2a3d0000 - 0x00007ffa2a4a7000 	C:\WINDOWS\System32\OLEAUT32.dll
0x00007ffa06d80000 - 0x00007ffa06dbd000 	C:\WINDOWS\SYSTEM32\dbgcore.DLL
0x00007ffa2a330000 - 0x00007ffa2a3c9000 	C:\WINDOWS\System32\bcryptPrimitives.dll
0x00007ffa21910000 - 0x00007ffa2192f000 	C:\Users\HP\OneDrive\Desktop\FSAD\sts-4.29.0.RELEASE\plugins\org.eclipse.justj.openjdk.hotspot.jre.full.win32.x86_64_21.0.6.v20250130-0529\jre\bin\java.dll
0x00007ffa2b970000 - 0x00007ffa2c0bd000 	C:\WINDOWS\System32\SHELL32.dll
0x00007ffa29e40000 - 0x00007ffa29fac000 	C:\WINDOWS\System32\wintypes.dll
0x00007ffa273d0000 - 0x00007ffa27c29000 	C:\WINDOWS\SYSTEM32\windows.storage.dll
0x00007ffa2a920000 - 0x00007ffa2aa10000 	C:\WINDOWS\System32\SHCORE.dll
0x00007ffa2c150000 - 0x00007ffa2c1b2000 	C:\WINDOWS\System32\shlwapi.dll
0x00007ffa296b0000 - 0x00007ffa296d9000 	C:\WINDOWS\SYSTEM32\profapi.dll
0x00007ffa0df70000 - 0x00007ffa0df88000 	C:\Users\HP\OneDrive\Desktop\FSAD\sts-4.29.0.RELEASE\plugins\org.eclipse.justj.openjdk.hotspot.jre.full.win32.x86_64_21.0.6.v20250130-0529\jre\bin\zip.dll
0x00007ffa1fe40000 - 0x00007ffa1fe50000 	C:\Users\HP\OneDrive\Desktop\FSAD\sts-4.29.0.RELEASE\plugins\org.eclipse.justj.openjdk.hotspot.jre.full.win32.x86_64_21.0.6.v20250130-0529\jre\bin\net.dll
0x00007ffa21430000 - 0x00007ffa2154f000 	C:\WINDOWS\SYSTEM32\WINHTTP.dll
0x00007ffa28a90000 - 0x00007ffa28afb000 	C:\WINDOWS\system32\mswsock.dll
0x00007ffa0b040000 - 0x00007ffa0b056000 	C:\Users\HP\OneDrive\Desktop\FSAD\sts-4.29.0.RELEASE\plugins\org.eclipse.justj.openjdk.hotspot.jre.full.win32.x86_64_21.0.6.v20250130-0529\jre\bin\nio.dll
0x00007ffa0df60000 - 0x00007ffa0df6a000 	C:\Users\HP\OneDrive\Desktop\FSAD\sts-4.29.0.RELEASE\plugins\org.eclipse.justj.openjdk.hotspot.jre.full.win32.x86_64_21.0.6.v20250130-0529\jre\bin\management.dll
0x00007ffa0cce0000 - 0x00007ffa0cceb000 	C:\Users\HP\OneDrive\Desktop\FSAD\sts-4.29.0.RELEASE\plugins\org.eclipse.justj.openjdk.hotspot.jre.full.win32.x86_64_21.0.6.v20250130-0529\jre\bin\management_ext.dll
0x00007ffa2aa80000 - 0x00007ffa2aa88000 	C:\WINDOWS\System32\PSAPI.DLL
0x00007ff9ffeb0000 - 0x00007ff9ffec8000 	C:\WINDOWS\system32\napinsp.dll
0x00007ffa27fc0000 - 0x00007ffa280e6000 	C:\WINDOWS\SYSTEM32\DNSAPI.dll
0x00007ffa27f30000 - 0x00007ffa27f64000 	C:\WINDOWS\SYSTEM32\IPHLPAPI.DLL
0x00007ffa2ad20000 - 0x00007ffa2ad2a000 	C:\WINDOWS\System32\NSI.dll
0x00007ff9ffe90000 - 0x00007ff9ffea2000 	C:\WINDOWS\System32\winrnr.dll
0x00007ff9ffe60000 - 0x00007ff9ffe88000 	C:\WINDOWS\system32\nlansp_c.dll
0x00007ffa21b90000 - 0x00007ffa21ba6000 	C:\WINDOWS\system32\wshbth.dll
0x00007ffa1a840000 - 0x00007ffa1a84b000 	C:\Windows\System32\rasadhlp.dll
0x00007ffa1bbf0000 - 0x00007ffa1bc76000 	C:\WINDOWS\System32\fwpuclnt.dll
0x00007ffa28e60000 - 0x00007ffa28e7b000 	C:\WINDOWS\SYSTEM32\CRYPTSP.dll
0x00007ffa28490000 - 0x00007ffa284cb000 	C:\WINDOWS\system32\rsaenh.dll
0x00007ffa28b30000 - 0x00007ffa28b5b000 	C:\WINDOWS\SYSTEM32\USERENV.dll
0x00007ffa29680000 - 0x00007ffa296a6000 	C:\WINDOWS\SYSTEM32\bcrypt.dll
0x00007ffa28cc0000 - 0x00007ffa28ccc000 	C:\WINDOWS\SYSTEM32\CRYPTBASE.dll
0x00007ffa16120000 - 0x00007ffa16129000 	C:\Users\HP\OneDrive\Desktop\FSAD\sts-4.29.0.RELEASE\plugins\org.eclipse.justj.openjdk.hotspot.jre.full.win32.x86_64_21.0.6.v20250130-0529\jre\bin\extnet.dll
0x00007ffa19b40000 - 0x00007ffa19b4e000 	C:\Users\HP\OneDrive\Desktop\FSAD\sts-4.29.0.RELEASE\plugins\org.eclipse.justj.openjdk.hotspot.jre.full.win32.x86_64_21.0.6.v20250130-0529\jre\bin\sunmscapi.dll
0x00007ffa2a1b0000 - 0x00007ffa2a327000 	C:\WINDOWS\System32\CRYPT32.dll
0x00007ffa28fb0000 - 0x00007ffa28fe0000 	C:\WINDOWS\SYSTEM32\ncrypt.dll
0x00007ffa28f60000 - 0x00007ffa28f9f000 	C:\WINDOWS\SYSTEM32\NTASN1.dll
0x00007ffa22b70000 - 0x00007ffa22b80000 	C:\Users\HP\OneDrive\Desktop\FSAD\sts-4.29.0.RELEASE\plugins\org.eclipse.justj.openjdk.hotspot.jre.full.win32.x86_64_21.0.6.v20250130-0529\jre\bin\verify.dll
0x00007ffa18550000 - 0x00007ffa18558000 	C:\WINDOWS\system32\wshunix.dll

dbghelp: loaded successfully - version: 4.0.5 - missing functions: none
symbol engine: initialized successfully - sym options: 0x614 - pdb path: .;C:\Users\HP\OneDrive\Desktop\FSAD\sts-4.29.0.RELEASE\plugins\org.eclipse.justj.openjdk.hotspot.jre.full.win32.x86_64_21.0.6.v20250130-0529\jre\bin;C:\WINDOWS\SYSTEM32;C:\WINDOWS\WinSxS\amd64_microsoft.windows.common-controls_6595b64144ccf1df_6.0.26100.5074_none_3e0d6f78e32fd63f;C:\Users\HP\OneDrive\Desktop\FSAD\sts-4.29.0.RELEASE\plugins\org.eclipse.justj.openjdk.hotspot.jre.full.win32.x86_64_21.0.6.v20250130-0529\jre\bin\server

VM Arguments:
jvm_args: -Dcom.sun.management.jmxremote -Dcom.sun.management.jmxremote.port=52684 -Dcom.sun.management.jmxremote.authenticate=false -Dcom.sun.management.jmxremote.ssl=false -Djava.rmi.server.hostname=localhost -Dspring.jmx.enabled=true -Dmanagement.endpoints.jmx.exposure.include=* -Dspring.application.admin.enabled=true -Dspring.output.ansi.enabled=always -XX:TieredStopAtLevel=1 -Dspring.boot.project.name=FOODDELIVARY-SPRINGBOOT -Dfile.encoding=UTF-8 -Dstdout.encoding=UTF-8 -Dstderr.encoding=UTF-8 -XX:+ShowCodeDetailsInExceptionMessages 
java_command: com.klef.dev.SpringBootProjectApplication
java_class_path (initial): D:\JENKINS\JENKINS-FULLSTACK-PRACTICE\FOODDELIVARY-SPRINGBOOT\target\classes;C:\Users\HP\.m2\repository\org\springframework\boot\spring-boot-starter-data-jpa\3.5.3\spring-boot-starter-data-jpa-3.5.3.jar;C:\Users\HP\.m2\repository\org\springframework\boot\spring-boot-starter\3.5.3\spring-boot-starter-3.5.3.jar;C:\Users\HP\.m2\repository\org\springframework\boot\spring-boot-starter-logging\3.5.3\spring-boot-starter-logging-3.5.3.jar;C:\Users\HP\.m2\repository\ch\qos\logback\logback-classic\1.5.18\logback-classic-1.5.18.jar;C:\Users\HP\.m2\repository\ch\qos\logback\logback-core\1.5.18\logback-core-1.5.18.jar;C:\Users\HP\.m2\repository\org\apache\logging\log4j\log4j-to-slf4j\2.24.3\log4j-to-slf4j-2.24.3.jar;C:\Users\HP\.m2\repository\org\apache\logging\log4j\log4j-api\2.24.3\log4j-api-2.24.3.jar;C:\Users\HP\.m2\repository\org\slf4j\jul-to-slf4j\2.0.17\jul-to-slf4j-2.0.17.jar;C:\Users\HP\.m2\repository\org\yaml\snakeyaml\2.4\snakeyaml-2.4.jar;C:\Users\HP\.m2\repository\org\springframework\boot\spring-boot-starter-jdbc\3.5.3\spring-boot-starter-jdbc-3.5.3.jar;C:\Users\HP\.m2\repository\com\zaxxer\HikariCP\6.3.0\HikariCP-6.3.0.jar;C:\Users\HP\.m2\repository\org\springframework\spring-jdbc\6.2.8\spring-jdbc-6.2.8.jar;C:\Users\HP\.m2\repository\org\hibernate\orm\hibernate-core\6.6.18.Final\hibernate-core-6.6.18.Final.jar;C:\Users\HP\.m2\repository\jakarta\persistence\jakarta.persistence-api\3.1.0\jakarta.persistence-api-3.1.0.jar;C:\Users\HP\.m2\repository\jakarta\transaction\jakarta.transaction-api\2.0.1\jakarta.transaction-api-2.0.1.jar;C:\Users\HP\.m2\repository\org\jboss\logging\jboss-logging\3.6.1.Final\jboss-logging-3.6.1.Final.jar;C:\Users\HP\.m2\repository\org\hibernate\common\hibernate-commons-annotations\7.0.3.Final\hibernate-commons-annotations-7.0.3.Final.jar;C:\Users\HP\.m2\repository\io\smallrye\jandex\3.2.0\jandex-3.2.0.jar;C:\Users\HP\.m2\repository\com\fasterxml\classmate\1.7.0\classmate-1.7.0.jar;C:\Users\HP\.m2\repository\net\bytebuddy\byte-buddy\1.17.6\byte-buddy-1.17.6.jar;C:\Users\HP\.m2\repository\org\glassfish\jaxb\jaxb-runtime\4.0.5\jaxb-runtime-4.0.5.jar;C:\Users\HP\.m2\repository\org\glassfish\jaxb\jaxb-core\4.0.5\jaxb-core-4.0.5.jar;C:\Users\HP\.m2\repository\org\eclipse\angus\angus-activation\2.0.2\angus-activation-2.0.2.jar;C:\Users\HP\.m2\repository\org\glassfish\jaxb\txw2\4.0.5\txw2-4.0.5.jar;C:\Users\HP\.m2\repository\com\sun\istack\istack-commons-runtime\4.1.2\istack-commons-runtime-4.1.2.jar;C:\Users\HP\.m2\repository\jakarta\inject\jakarta.inject-api\2.0.1\jakarta.inject-api-2.0.1.jar;C:\Users\HP\.m2\repository\org\antlr\antlr4-runtime\4.13.0\antlr4-runtime-4.13.0.jar;C:\Users\HP\.m2\repository\org\springframework\data\spring-data-jpa\3.5.1\spring-data-jpa-3.5.1.jar;C:\Users\HP\.m2\repository\org\springframework\data\spring-data-commons\3.5.1\spring-data-commons-3.5.1.jar;C:\Users\HP\.m2\repository\org\springframework\spring-orm\6.2.8\spring-orm-6.2.8.jar;C:\Users\HP\.m2\repository\org\springframework\spring-context\6.2.8\spring-context-6.2.8.jar;C:\Users\HP\.m2\repository\org\springframework\spring-aop\6.2.8\spring-aop-6.2.8.jar;C:\Users\HP\.m2\repository\org\springframework\spring-tx\6.2.8\spring-tx-6.2.8.jar;C:\Users\HP\.m2\repository\org\springframework\spring-beans\6.2.8\spring-beans-6.2.8.jar;C:\Users\HP\.m2\repository\org\slf4j\slf4j-api\2.0.17\slf4j-api-2.0.17.jar;C:\Users\HP\.m2\repository\org\springframework\spring-aspects\6.2.8\spring-aspects-6.2.8.jar;C:\Users\HP\.m2\repository\org\aspectj\aspectjweaver\1.9.24\aspectjweaver-1.9.24.jar;C:\Users\HP\.m2\repository\org\springframework\boot\spring-boot-starter-web\3.5.3\spring-boot-starter-web-3.5.3.jar;C:\Users\HP\.m2\repository\org\springframework\boot\spring-boot-starter-json\3.5.3\spring-boot-starter-json-3.5.3.jar;C:\Users\HP\.m2\repository\com\fasterxml\jackson\core\jackson-databind\2.19.1\jackson-databind-2.19.1.jar;C:\Users\HP\.m2\repository\com\fasterxml\jackson\core\jackson-annotations\2.19.1\jackson-annotations-2.19.1.jar;C:\Users\HP\.m2\repository\com\fasterxml\jackson\core\jackson-core\2.19.1\jackson-core-2.19.1.jar;C:\Users\HP\.m2\repository\com\fasterxml\jackson\datatype\jackson-datatype-jdk8\2.19.1\jackson-datatype-jdk8-2.19.1.jar;C:\Users\HP\.m2\repository\com\fasterxml\jackson\datatype\jackson-datatype-jsr310\2.19.1\jackson-datatype-jsr310-2.19.1.jar;C:\Users\HP\.m2\repository\com\fasterxml\jackson\module\jackson-module-parameter-names\2.19.1\jackson-module-parameter-names-2.19.1.jar;C:\Users\HP\.m2\repository\org\springframework\spring-web\6.2.8\spring-web-6.2.8.jar;C:\Users\HP\.m2\repository\io\micrometer\micrometer-observation\1.15.1\micrometer-observation-1.15.1.jar;C:\Users\HP\.m2\repository\io\micrometer\micrometer-commons\1.15.1\micrometer-commons-1.15.1.jar;C:\Users\HP\.m2\repository\org\springframework\spring-webmvc\6.2.8\spring-webmvc-6.2.8.jar;C:\Users\HP\.m2\repository\org\springframework\spring-expression\6.2.8\spring-expression-6.2.8.jar;C:\Users\HP\.m2\repository\com\mysql\mysql-connector-j\9.2.0\mysql-connector-j-9.2.0.jar;C:\Users\HP\.m2\repository\jakarta\xml\bind\jakarta.xml.bind-api\4.0.2\jakarta.xml.bind-api-4.0.2.jar;C:\Users\HP\.m2\repository\jakarta\activation\jakarta.activation-api\2.1.3\jakarta.activation-api-2.1.3.jar;C:\Users\HP\.m2\repository\org\springframework\spring-core\6.2.8\spring-core-6.2.8.jar;C:\Users\HP\.m2\repository\org\springframework\spring-jcl\6.2.8\spring-jcl-6.2.8.jar;C:\Users\HP\.m2\repository\org\springframework\boot\spring-boot-devtools\3.5.3\spring-boot-devtools-3.5.3.jar;C:\Users\HP\.m2\repository\org\springframework\boot\spring-boot\3.5.3\spring-boot-3.5.3.jar;C:\Users\HP\.m2\repository\org\springframework\boot\spring-boot-autoconfigure\3.5.3\spring-boot-autoconfigure-3.5.3.jar;C:\Users\HP\.m2\repository\org\springframework\boot\spring-boot-starter-tomcat\3.5.3\spring-boot-starter-tomcat-3.5.3.jar;C:\Users\HP\.m2\repository\jakarta\annotation\jakarta.annotation-api\2.1.1\jakarta.annotation-api-2.1.1.jar;C:\Users\HP\.m2\repository\org\apache\tomcat\embed\tomcat-embed-core\10.1.42\tomcat-embed-core-10.1.42.jar;C:\Users\HP\.m2\repository\org\apache\tomcat\embed\tomcat-embed-el\10.1.42\tomcat-embed-el-10.1.42.jar;C:\Users\HP\.m2\repository\org\apache\tomcat\embed\tomcat-embed-websocket\10.1.42\tomcat-embed-websocket-10.1.42.jar
Launcher Type: SUN_STANDARD

[Global flags]
     intx CICompilerCount                          = 4                                         {product} {ergonomic}
     uint ConcGCThreads                            = 2                                         {product} {ergonomic}
     uint G1ConcRefinementThreads                  = 8                                         {product} {ergonomic}
   size_t G1HeapRegionSize                         = 1048576                                   {product} {ergonomic}
    uintx GCDrainStackTargetSize                   = 64                                        {product} {ergonomic}
   size_t InitialHeapSize                          = 132120576                                 {product} {ergonomic}
     bool ManagementServer                         = true                                      {product} {command line}
   size_t MarkStackSize                            = 4194304                                   {product} {ergonomic}
   size_t MaxHeapSize                              = 2097152000                                {product} {ergonomic}
   size_t MaxNewSize                               = 1258291200                                {product} {ergonomic}
   size_t MinHeapDeltaBytes                        = 1048576                                   {product} {ergonomic}
   size_t MinHeapSize                              = 8388608                                   {product} {ergonomic}
    uintx NonNMethodCodeHeapSize                   = 4096                                   {pd product} {ergonomic}
    uintx NonProfiledCodeHeapSize                  = 0                                      {pd product} {ergonomic}
     bool ProfileInterpreter                       = false                                  {pd product} {command line}
    uintx ProfiledCodeHeapSize                     = 0                                      {pd product} {ergonomic}
     bool ShowCodeDetailsInExceptionMessages       = true                                   {manageable} {command line}
   size_t SoftMaxHeapSize                          = 2097152000                             {manageable} {ergonomic}
     intx TieredStopAtLevel                        = 1                                         {product} {command line}
     bool UseCompressedOops                        = true                           {product lp64_product} {ergonomic}
     bool UseG1GC                                  = true                                      {product} {ergonomic}
     bool UseLargePagesIndividualAllocation        = false                                  {pd product} {ergonomic}

Logging:
Log output configuration:
 #0: stdout all=warning uptime,level,tags foldmultilines=false
 #1: stderr all=off uptime,level,tags foldmultilines=false

Environment Variables:
JAVA_HOME=C:\Program Files\Java\jdk-21
PATH=C:/Users/HP/OneDrive/Desktop/FSAD/sts-4.29.0.RELEASE//plugins/org.eclipse.justj.openjdk.hotspot.jre.full.win32.x86_64_21.0.6.v20250130-0529/jre/bin/server;C:/Users/HP/OneDrive/Desktop/FSAD/sts-4.29.0.RELEASE//plugins/org.eclipse.justj.openjdk.hotspot.jre.full.win32.x86_64_21.0.6.v20250130-0529/jre/bin;C:\Program Files\Common Files\Oracle\Java\javapath;D:\apache-maven-3.9.11-bin\apache-maven-3.9.11\bin;C:\Program Files\Java\jdk-21\bin;C:\WINDOWS\system32;C:\WINDOWS;C:\WINDOWS\System32\Wbem;C:\WINDOWS\System32\WindowsPowerShell\v1.0\;C:\WINDOWS\System32\OpenSSH\;C:\Program Files\nodejs\;C:\Program Files\Git\cmd;C:\Program Files\Docker\Docker\resources\bin;C:\Program Files\Python 3.10;C:\Users\HP\AppData\Local\Microsoft\WindowsApps;C:\Users\HP\AppData\Local\Programs\Microsoft VS Code\bin;C:\Program Files\MongoDB\Server\7.0\bin;C:\Program Files\MongoDB\mongosh-2.2.10-win32-x64\bin;C:\Users\HP\AppData\Roaming\npm;C:\Users\HP\AppData\Local\Programs\cursor\resources\app\bin;;C:\Users\HP\OneDrive\Desktop\FSAD\sts-4.29.0.RELEASE;
USERNAME=HP
OS=Windows_NT
PROCESSOR_IDENTIFIER=Intel64 Family 6 Model 142 Stepping 12, GenuineIntel
TMP=C:\PROGRA~1\KMSpico\temp
TEMP=C:\PROGRA~1\KMSpico\temp




Periodic native trim disabled

---------------  S Y S T E M  ---------------

OS:
 Windows 11 , 64 bit Build 26100 (10.0.26100.5074)
OS uptime: 1 days 16:13 hours
Hyper-V role detected

CPU: total 8 (initial active 8) (4 cores per cpu, 2 threads per core) family 6 model 142 stepping 12 microcode 0xf6, cx8, cmov, fxsr, ht, mmx, 3dnowpref, sse, sse2, sse3, ssse3, sse4.1, sse4.2, popcnt, lzcnt, tsc, tscinvbit, avx, avx2, aes, erms, clmul, bmi1, bmi2, adx, fma, vzeroupper, clflush, clflushopt, hv, rdtscp, f16c
Processor Information for processor 0
  Max Mhz: 1896, Current Mhz: 1596, Mhz Limit: 1592
Processor Information for processor 1
  Max Mhz: 1896, Current Mhz: 1496, Mhz Limit: 1592
Processor Information for processor 2
  Max Mhz: 1896, Current Mhz: 1596, Mhz Limit: 1592
Processor Information for processor 3
  Max Mhz: 1896, Current Mhz: 1496, Mhz Limit: 1592
Processor Information for processor 4
  Max Mhz: 1896, Current Mhz: 1496, Mhz Limit: 1592
Processor Information for processor 5
  Max Mhz: 1896, Current Mhz: 1496, Mhz Limit: 1592
Processor Information for processor 6
  Max Mhz: 1896, Current Mhz: 1596, Mhz Limit: 1592
Processor Information for processor 7
  Max Mhz: 1896, Current Mhz: 1496, Mhz Limit: 1592

Memory: 4k page, system-wide physical 7998M (893M free)
TotalPageFile size 10046M (AvailPageFile size 90M)
current process WorkingSet (physical memory assigned to process): 219M, peak: 222M
current process commit charge ("private bytes"): 262M, peak: 268M

vm_info: OpenJDK 64-Bit Server VM (21.0.6+7-LTS) for windows-amd64 JRE (21.0.6+7-LTS), built on 2025-01-21T00:00:00Z by "admin" with MS VC++ 17.7 (VS2022)

END.
